# JRE version: OpenJDK Runtime Environment Temurin-17.0.9+9 (17.0.9+9) (build 17.0.9+9)
# Java VM: OpenJDK 64-Bit Server VM Temurin-17.0.9+9 (17.0.9+9, mixed mode, tiered, compressed oops, compressed class ptrs, parallel gc, windows-amd64)
GC Precious Log:
 CPUs: 6 total, 6 available
 Memory: 16055M
 Large Page Support: Disabled
 NUMA Support: Disabled
 Compressed Oops: Enabled (32-bit)
 Alignments: Space 512K, Generation 512K, Heap 2M
 Heap Min Capacity: 100M
 Heap Initial Capacity: 100M
 Heap Max Capacity: 1G
 Pre-touch: Disabled
 Parallel Workers: 6
Heap:
 PSYoungGen      total 2560K, used 2400K [0x00000000eab00000, 0x00000000eaf00000, 0x0000000100000000)
  eden space 1536K, 100% used [0x00000000eab00000,0x00000000eac80000,0x00000000eac80000)
  from space 1024K, 84% used [0x00000000eae00000,0x00000000eaed8000,0x00000000eaf00000)
  to   space 1024K, 100% used [0x00000000ead00000,0x00000000eae00000,0x00000000eae00000)
 ParOldGen       total 125440K, used 122509K [0x00000000c0000000, 0x00000000c7a80000, 0x00000000eab00000)
  object space 125440K, 97% used [0x00000000c0000000,0x00000000c77a37e8,0x00000000c7a80000)
 Metaspace       used 83907K, committed 85184K, reserved 1179648K
  class space    used 8342K, committed 8896K, reserved 1048576K
GC Heap History (20 events):
Event: 826.699 GC heap after
{Heap after GC invocations=3632 (full 97):
 PSYoungGen      total 3072K, used 288K [0x00000000eab00000, 0x00000000eb000000, 0x0000000100000000)
  eden space 2560K, 0% used [0x00000000eab00000,0x00000000eab00000,0x00000000ead80000)
  from space 512K, 56% used [0x00000000eaf00000,0x00000000eaf48020,0x00000000eaf80000)
  to   space 512K, 0% used [0x00000000eaf80000,0x00000000eaf80000,0x00000000eb000000)
 ParOldGen       total 125440K, used 115660K [0x00000000c0000000, 0x00000000c7a80000, 0x00000000eab00000)
  object space 125440K, 92% used [0x00000000c0000000,0x00000000c70f3368,0x00000000c7a80000)
 Metaspace       used 83907K, committed 85184K, reserved 1179648K
  class space    used 8342K, committed 8896K, reserved 1048576K
}
Event: 826.793 GC heap before
{Heap before GC invocations=3633 (full 97):
 PSYoungGen      total 3072K, used 2848K [0x00000000eab00000, 0x00000000eb000000, 0x0000000100000000)
  eden space 2560K, 100% used [0x00000000eab00000,0x00000000ead80000,0x00000000ead80000)
  from space 512K, 56% used [0x00000000eaf00000,0x00000000eaf48020,0x00000000eaf80000)
  to   space 512K, 0% used [0x00000000eaf80000,0x00000000eaf80000,0x00000000eb000000)
 ParOldGen       total 125440K, used 115660K [0x00000000c0000000, 0x00000000c7a80000, 0x00000000eab00000)
  object space 125440K, 92% used [0x00000000c0000000,0x00000000c70f3368,0x00000000c7a80000)
 Metaspace       used 83907K, committed 85184K, reserved 1179648K
  class space    used 8342K, committed 8896K, reserved 1048576K
}
Event: 826.794 GC heap after
{Heap after GC invocations=3633 (full 97):
 PSYoungGen      total 3072K, used 480K [0x00000000eab00000, 0x00000000eb080000, 0x0000000100000000)
  eden space 2560K, 0% used [0x00000000eab00000,0x00000000eab00000,0x00000000ead80000)
  from space 512K, 93% used [0x00000000eaf80000,0x00000000eaff8040,0x00000000eb000000)
  to   space 1536K, 0% used [0x00000000ead80000,0x00000000ead80000,0x00000000eaf00000)
 ParOldGen       total 125440K, used 116187K [0x00000000c0000000, 0x00000000c7a80000, 0x00000000eab00000)
  object space 125440K, 92% used [0x00000000c0000000,0x00000000c7176de8,0x00000000c7a80000)
 Metaspace       used 83907K, committed 85184K, reserved 1179648K
  class space    used 8342K, committed 8896K, reserved 1048576K
}
Event: 826.904 GC heap before
{Heap before GC invocations=3634 (full 97):
 PSYoungGen      total 3072K, used 3029K [0x00000000eab00000, 0x00000000eb080000, 0x0000000100000000)
  eden space 2560K, 99% used [0x00000000eab00000,0x00000000ead7d5b0,0x00000000ead80000)
  from space 512K, 93% used [0x00000000eaf80000,0x00000000eaff8040,0x00000000eb000000)
  to   space 1536K, 0% used [0x00000000ead80000,0x00000000ead80000,0x00000000eaf00000)
 ParOldGen       total 125440K, used 116187K [0x00000000c0000000, 0x00000000c7a80000, 0x00000000eab00000)
  object space 125440K, 92% used [0x00000000c0000000,0x00000000c7176de8,0x00000000c7a80000)
 Metaspace       used 83907K, committed 85184K, reserved 1179648K
  class space    used 8342K, committed 8896K, reserved 1048576K
}
Event: 826.904 GC heap after
{Heap after GC invocations=3634 (full 97):
 PSYoungGen      total 4096K, used 704K [0x00000000eab00000, 0x00000000eb000000, 0x0000000100000000)
  eden space 2560K, 0% used [0x00000000eab00000,0x00000000eab00000,0x00000000ead80000)
  from space 1536K, 45% used [0x00000000ead80000,0x00000000eae30040,0x00000000eaf00000)
  to   space 1024K, 0% used [0x00000000eaf00000,0x00000000eaf00000,0x00000000eb000000)
 ParOldGen       total 125440K, used 116195K [0x00000000c0000000, 0x00000000c7a80000, 0x00000000eab00000)
  object space 125440K, 92% used [0x00000000c0000000,0x00000000c7178de8,0x00000000c7a80000)
 Metaspace       used 83907K, committed 85184K, reserved 1179648K
  class space    used 8342K, committed 8896K, reserved 1048576K
}
Event: 826.958 GC heap before
{Heap before GC invocations=3635 (full 97):
 PSYoungGen      total 4096K, used 3264K [0x00000000eab00000, 0x00000000eb000000, 0x0000000100000000)
  eden space 2560K, 100% used [0x00000000eab00000,0x00000000ead80000,0x00000000ead80000)
  from space 1536K, 45% used [0x00000000ead80000,0x00000000eae30040,0x00000000eaf00000)
  to   space 1024K, 0% used [0x00000000eaf00000,0x00000000eaf00000,0x00000000eb000000)
 ParOldGen       total 125440K, used 116195K [0x00000000c0000000, 0x00000000c7a80000, 0x00000000eab00000)
  object space 125440K, 92% used [0x00000000c0000000,0x00000000c7178de8,0x00000000c7a80000)
 Metaspace       used 83907K, committed 85184K, reserved 1179648K
  class space    used 8342K, committed 8896K, reserved 1048576K
}
Event: 826.959 GC heap after
{Heap after GC invocations=3635 (full 97):
 PSYoungGen      total 3584K, used 672K [0x00000000eab00000, 0x00000000eb000000, 0x0000000100000000)
  eden space 2560K, 0% used [0x00000000eab00000,0x00000000eab00000,0x00000000ead80000)
  from space 1024K, 65% used [0x00000000eaf00000,0x00000000eafa8040,0x00000000eb000000)
  to   space 1024K, 0% used [0x00000000eae00000,0x00000000eae00000,0x00000000eaf00000)
 ParOldGen       total 125440K, used 116195K [0x00000000c0000000, 0x00000000c7a80000, 0x00000000eab00000)
  object space 125440K, 92% used [0x00000000c0000000,0x00000000c7178de8,0x00000000c7a80000)
 Metaspace       used 83907K, committed 85184K, reserved 1179648K
  class space    used 8342K, committed 8896K, reserved 1048576K
}
Event: 827.462 GC heap before
{Heap before GC invocations=3636 (full 97):
 PSYoungGen      total 3584K, used 3232K [0x00000000eab00000, 0x00000000eb000000, 0x0000000100000000)
  eden space 2560K, 100% used [0x00000000eab00000,0x00000000ead80000,0x00000000ead80000)
  from space 1024K, 65% used [0x00000000eaf00000,0x00000000eafa8040,0x00000000eb000000)
  to   space 1024K, 0% used [0x00000000eae00000,0x00000000eae00000,0x00000000eaf00000)
 ParOldGen       total 125440K, used 116195K [0x00000000c0000000, 0x00000000c7a80000, 0x00000000eab00000)
  object space 125440K, 92% used [0x00000000c0000000,0x00000000c7178de8,0x00000000c7a80000)
 Metaspace       used 83907K, committed 85184K, reserved 1179648K
  class space    used 8342K, committed 8896K, reserved 1048576K
}
Event: 827.463 GC heap after
{Heap after GC invocations=3636 (full 97):
 PSYoungGen      total 3584K, used 998K [0x00000000eab00000, 0x00000000eb180000, 0x0000000100000000)
  eden space 2560K, 0% used [0x00000000eab00000,0x00000000eab00000,0x00000000ead80000)
  from space 1024K, 97% used [0x00000000eae00000,0x00000000eaef9800,0x00000000eaf00000)
  to   space 2048K, 0% used [0x00000000eaf80000,0x00000000eaf80000,0x00000000eb180000)
 ParOldGen       total 125440K, used 116665K [0x00000000c0000000, 0x00000000c7a80000, 0x00000000eab00000)
  object space 125440K, 93% used [0x00000000c0000000,0x00000000c71ee5a8,0x00000000c7a80000)
 Metaspace       used 83907K, committed 85184K, reserved 1179648K
  class space    used 8342K, committed 8896K, reserved 1048576K
}
Event: 827.466 GC heap before
{Heap before GC invocations=3637 (full 97):
 PSYoungGen      total 3584K, used 3558K [0x00000000eab00000, 0x00000000eb180000, 0x0000000100000000)
  eden space 2560K, 100% used [0x00000000eab00000,0x00000000ead80000,0x00000000ead80000)
  from space 1024K, 97% used [0x00000000eae00000,0x00000000eaef9800,0x00000000eaf00000)
  to   space 2048K, 0% used [0x00000000eaf80000,0x00000000eaf80000,0x00000000eb180000)
 ParOldGen       total 125440K, used 116665K [0x00000000c0000000, 0x00000000c7a80000, 0x00000000eab00000)
  object space 125440K, 93% used [0x00000000c0000000,0x00000000c71ee5a8,0x00000000c7a80000)
 Metaspace       used 83907K, committed 85184K, reserved 1179648K
  class space    used 8342K, committed 8896K, reserved 1048576K
}
Event: 827.467 GC heap after
{Heap after GC invocations=3637 (full 97):
 PSYoungGen      total 2560K, used 2021K [0x00000000eab00000, 0x00000000eb580000, 0x0000000100000000)
  eden space 512K, 0% used [0x00000000eab00000,0x00000000eab00000,0x00000000eab80000)
  from space 2048K, 98% used [0x00000000eaf80000,0x00000000eb1797c0,0x00000000eb180000)
  to   space 4096K, 0% used [0x00000000eab80000,0x00000000eab80000,0x00000000eaf80000)
 ParOldGen       total 125440K, used 117896K [0x00000000c0000000, 0x00000000c7a80000, 0x00000000eab00000)
  object space 125440K, 93% used [0x00000000c0000000,0x00000000c7322028,0x00000000c7a80000)
 Metaspace       used 83907K, committed 85184K, reserved 1179648K
  class space    used 8342K, committed 8896K, reserved 1048576K
}
Event: 827.468 GC heap before
{Heap before GC invocations=3638 (full 97):
 PSYoungGen      total 2560K, used 2533K [0x00000000eab00000, 0x00000000eb580000, 0x0000000100000000)
  eden space 512K, 99% used [0x00000000eab00000,0x00000000eab7ffc8,0x00000000eab80000)
  from space 2048K, 98% used [0x00000000eaf80000,0x00000000eb1797c0,0x00000000eb180000)
  to   space 4096K, 0% used [0x00000000eab80000,0x00000000eab80000,0x00000000eaf80000)
 ParOldGen       total 125440K, used 117896K [0x00000000c0000000, 0x00000000c7a80000, 0x00000000eab00000)
  object space 125440K, 93% used [0x00000000c0000000,0x00000000c7322028,0x00000000c7a80000)
 Metaspace       used 83907K, committed 85184K, reserved 1179648K
  class space    used 8342K, committed 8896K, reserved 1048576K
}
Event: 827.469 GC heap after
{Heap after GC invocations=3638 (full 97):
 PSYoungGen      total 3072K, used 2437K [0x00000000eab00000, 0x00000000eb200000, 0x0000000100000000)
  eden space 512K, 0% used [0x00000000eab00000,0x00000000eab00000,0x00000000eab80000)
  from space 2560K, 95% used [0x00000000eab80000,0x00000000eade17c0,0x00000000eae00000)
  to   space 3072K, 0% used [0x00000000eaf00000,0x00000000eaf00000,0x00000000eb200000)
 ParOldGen       total 125440K, used 118056K [0x00000000c0000000, 0x00000000c7a80000, 0x00000000eab00000)
  object space 125440K, 94% used [0x00000000c0000000,0x00000000c734a028,0x00000000c7a80000)
 Metaspace       used 83907K, committed 85184K, reserved 1179648K
  class space    used 8342K, committed 8896K, reserved 1048576K
}
Event: 827.470 GC heap before
{Heap before GC invocations=3639 (full 97):
 PSYoungGen      total 3072K, used 2949K [0x00000000eab00000, 0x00000000eb200000, 0x0000000100000000)
  eden space 512K, 100% used [0x00000000eab00000,0x00000000eab80000,0x00000000eab80000)
  from space 2560K, 95% used [0x00000000eab80000,0x00000000eade17c0,0x00000000eae00000)
  to   space 3072K, 0% used [0x00000000eaf00000,0x00000000eaf00000,0x00000000eb200000)
 ParOldGen       total 125440K, used 118056K [0x00000000c0000000, 0x00000000c7a80000, 0x00000000eab00000)
  object space 125440K, 94% used [0x00000000c0000000,0x00000000c734a028,0x00000000c7a80000)
 Metaspace       used 83907K, committed 85184K, reserved 1179648K
  class space    used 8342K, committed 8896K, reserved 1048576K
}
Event: 827.471 GC heap after
{Heap after GC invocations=3639 (full 97):
 PSYoungGen      total 2048K, used 1024K [0x00000000eab00000, 0x00000000eb000000, 0x0000000100000000)
  eden space 1024K, 0% used [0x00000000eab00000,0x00000000eab00000,0x00000000eac00000)
  from space 1024K, 100% used [0x00000000eaf00000,0x00000000eb000000,0x00000000eb000000)
  to   space 2048K, 0% used [0x00000000eac00000,0x00000000eac00000,0x00000000eae00000)
 ParOldGen       total 125440K, used 119965K [0x00000000c0000000, 0x00000000c7a80000, 0x00000000eab00000)
  object space 125440K, 95% used [0x00000000c0000000,0x00000000c75277e8,0x00000000c7a80000)
 Metaspace       used 83907K, committed 85184K, reserved 1179648K
  class space    used 8342K, committed 8896K, reserved 1048576K
}
Event: 827.473 GC heap before
{Heap before GC invocations=3640 (full 97):
 PSYoungGen      total 2048K, used 2036K [0x00000000eab00000, 0x00000000eb000000, 0x0000000100000000)
  eden space 1024K, 98% used [0x00000000eab00000,0x00000000eabfd110,0x00000000eac00000)
  from space 1024K, 100% used [0x00000000eaf00000,0x00000000eb000000,0x00000000eb000000)
  to   space 2048K, 0% used [0x00000000eac00000,0x00000000eac00000,0x00000000eae00000)
 ParOldGen       total 125440K, used 119965K [0x00000000c0000000, 0x00000000c7a80000, 0x00000000eab00000)
  object space 125440K, 95% used [0x00000000c0000000,0x00000000c75277e8,0x00000000c7a80000)
 Metaspace       used 83907K, committed 85184K, reserved 1179648K
  class space    used 8342K, committed 8896K, reserved 1048576K
}
Event: 827.475 GC heap after
{Heap after GC invocations=3640 (full 97):
 PSYoungGen      total 3072K, used 1024K [0x00000000eab00000, 0x00000000eaf80000, 0x0000000100000000)
  eden space 1024K, 0% used [0x00000000eab00000,0x00000000eab00000,0x00000000eac00000)
  from space 2048K, 50% used [0x00000000eac00000,0x00000000ead00000,0x00000000eae00000)
  to   space 1536K, 0% used [0x00000000eae00000,0x00000000eae00000,0x00000000eaf80000)
 ParOldGen       total 125440K, used 120917K [0x00000000c0000000, 0x00000000c7a80000, 0x00000000eab00000)
  object space 125440K, 96% used [0x00000000c0000000,0x00000000c76157e8,0x00000000c7a80000)
 Metaspace       used 83907K, committed 85184K, reserved 1179648K
  class space    used 8342K, committed 8896K, reserved 1048576K
}
Event: 827.478 GC heap before
{Heap before GC invocations=3641 (full 97):
 PSYoungGen      total 3072K, used 1995K [0x00000000eab00000, 0x00000000eaf80000, 0x0000000100000000)
  eden space 1024K, 94% used [0x00000000eab00000,0x00000000eabf2cb0,0x00000000eac00000)
  from space 2048K, 50% used [0x00000000eac00000,0x00000000ead00000,0x00000000eae00000)
  to   space 1536K, 0% used [0x00000000eae00000,0x00000000eae00000,0x00000000eaf80000)
 ParOldGen       total 125440K, used 120917K [0x00000000c0000000, 0x00000000c7a80000, 0x00000000eab00000)
  object space 125440K, 96% used [0x00000000c0000000,0x00000000c76157e8,0x00000000c7a80000)
 Metaspace       used 83907K, committed 85184K, reserved 1179648K
  class space    used 8342K, committed 8896K, reserved 1048576K
}
Event: 827.479 GC heap after
{Heap after GC invocations=3641 (full 97):
 PSYoungGen      total 2560K, used 864K [0x00000000eab00000, 0x00000000eaf00000, 0x0000000100000000)
  eden space 1536K, 0% used [0x00000000eab00000,0x00000000eab00000,0x00000000eac80000)
  from space 1024K, 84% used [0x00000000eae00000,0x00000000eaed8000,0x00000000eaf00000)
  to   space 1024K, 0% used [0x00000000ead00000,0x00000000ead00000,0x00000000eae00000)
 ParOldGen       total 125440K, used 121869K [0x00000000c0000000, 0x00000000c7a80000, 0x00000000eab00000)
  object space 125440K, 97% used [0x00000000c0000000,0x00000000c77037e8,0x00000000c7a80000)
 Metaspace       used 83907K, committed 85184K, reserved 1179648K
  class space    used 8342K, committed 8896K, reserved 1048576K
}
Event: 827.492 GC heap before
{Heap before GC invocations=3642 (full 97):
 PSYoungGen      total 2560K, used 2400K [0x00000000eab00000, 0x00000000eaf00000, 0x0000000100000000)
  eden space 1536K, 100% used [0x00000000eab00000,0x00000000eac80000,0x00000000eac80000)
  from space 1024K, 84% used [0x00000000eae00000,0x00000000eaed8000,0x00000000eaf00000)
  to   space 1024K, 0% used [0x00000000ead00000,0x00000000ead00000,0x00000000eae00000)
 ParOldGen       total 125440K, used 121869K [0x00000000c0000000, 0x00000000c7a80000, 0x00000000eab00000)
  object space 125440K, 97% used [0x00000000c0000000,0x00000000c77037e8,0x00000000c7a80000)
 Metaspace       used 83907K, committed 85184K, reserved 1179648K
  class space    used 8342K, committed 8896K, reserved 1048576K
}

