# JRE version: OpenJDK Runtime Environment Temurin-17.0.9+9 (17.0.9+9) (build 17.0.9+9)
# Java VM: OpenJDK 64-Bit Server VM Temurin-17.0.9+9 (17.0.9+9, mixed mode, tiered, compressed oops, compressed class ptrs, parallel gc, windows-amd64)
GC Precious Log:
 CPUs: 6 total, 6 available
 Memory: 16055M
 Large Page Support: Disabled
 NUMA Support: Disabled
 Compressed Oops: Enabled (32-bit)
 Alignments: Space 512K, Generation 512K, Heap 2M
 Heap Min Capacity: 100M
 Heap Initial Capacity: 100M
 Heap Max Capacity: 1G
 Pre-touch: Disabled
 Parallel Workers: 6
Heap:
 PSYoungGen      total 4608K, used 4608K [0x00000000eab00000, 0x00000000eb780000, 0x0000000100000000)
  eden space 3584K, 100% used [0x00000000eab00000,0x00000000eae80000,0x00000000eae80000)
  from space 1024K, 100% used [0x00000000eb080000,0x00000000eb180000,0x00000000eb180000)
  to   space 4608K, 68% used [0x00000000eb300000,0x00000000eb6140d0,0x00000000eb780000)
 ParOldGen       total 304640K, used 277995K [0x00000000c0000000, 0x00000000d2980000, 0x00000000eab00000)
  object space 304640K, 91% used [0x00000000c0000000,0x00000000d0f7adf0,0x00000000d2980000)
 Metaspace       used 87750K, committed 88896K, reserved 1179648K
  class space    used 8916K, committed 9408K, reserved 1048576K
GC Heap History (20 events):
Event: 541.655 GC heap after
{Heap after GC invocations=1366 (full 22):
 PSYoungGen      total 6144K, used 1360K [0x00000000eab00000, 0x00000000eb700000, 0x0000000100000000)
  eden space 4608K, 0% used [0x00000000eab00000,0x00000000eab00000,0x00000000eaf80000)
  from space 1536K, 88% used [0x00000000eb580000,0x00000000eb6d4050,0x00000000eb700000)
  to   space 1536K, 0% used [0x00000000eb400000,0x00000000eb400000,0x00000000eb580000)
 ParOldGen       total 304640K, used 262155K [0x00000000c0000000, 0x00000000d2980000, 0x00000000eab00000)
  object space 304640K, 86% used [0x00000000c0000000,0x00000000d0002d50,0x00000000d2980000)
 Metaspace       used 87740K, committed 88896K, reserved 1179648K
  class space    used 8916K, committed 9408K, reserved 1048576K
}
Event: 541.791 GC heap before
{Heap before GC invocations=1367 (full 22):
 PSYoungGen      total 6144K, used 5831K [0x00000000eab00000, 0x00000000eb700000, 0x0000000100000000)
  eden space 4608K, 97% used [0x00000000eab00000,0x00000000eaf5dda0,0x00000000eaf80000)
  from space 1536K, 88% used [0x00000000eb580000,0x00000000eb6d4050,0x00000000eb700000)
  to   space 1536K, 0% used [0x00000000eb400000,0x00000000eb400000,0x00000000eb580000)
 ParOldGen       total 304640K, used 262155K [0x00000000c0000000, 0x00000000d2980000, 0x00000000eab00000)
  object space 304640K, 86% used [0x00000000c0000000,0x00000000d0002d50,0x00000000d2980000)
 Metaspace       used 87741K, committed 88896K, reserved 1179648K
  class space    used 8916K, committed 9408K, reserved 1048576K
}
Event: 541.793 GC heap after
{Heap after GC invocations=1367 (full 22):
 PSYoungGen      total 6144K, used 1528K [0x00000000eab00000, 0x00000000eb880000, 0x0000000100000000)
  eden space 4608K, 0% used [0x00000000eab00000,0x00000000eab00000,0x00000000eaf80000)
  from space 1536K, 99% used [0x00000000eb400000,0x00000000eb57e0f0,0x00000000eb580000)
  to   space 3072K, 0% used [0x00000000eb580000,0x00000000eb580000,0x00000000eb880000)
 ParOldGen       total 304640K, used 264548K [0x00000000c0000000, 0x00000000d2980000, 0x00000000eab00000)
  object space 304640K, 86% used [0x00000000c0000000,0x00000000d0259230,0x00000000d2980000)
 Metaspace       used 87741K, committed 88896K, reserved 1179648K
  class space    used 8916K, committed 9408K, reserved 1048576K
}
Event: 541.799 GC heap before
{Heap before GC invocations=1368 (full 22):
 PSYoungGen      total 6144K, used 6136K [0x00000000eab00000, 0x00000000eb880000, 0x0000000100000000)
  eden space 4608K, 100% used [0x00000000eab00000,0x00000000eaf80000,0x00000000eaf80000)
  from space 1536K, 99% used [0x00000000eb400000,0x00000000eb57e0f0,0x00000000eb580000)
  to   space 3072K, 0% used [0x00000000eb580000,0x00000000eb580000,0x00000000eb880000)
 ParOldGen       total 304640K, used 264548K [0x00000000c0000000, 0x00000000d2980000, 0x00000000eab00000)
  object space 304640K, 86% used [0x00000000c0000000,0x00000000d0259230,0x00000000d2980000)
 Metaspace       used 87741K, committed 88896K, reserved 1179648K
  class space    used 8916K, committed 9408K, reserved 1048576K
}
Event: 541.800 GC heap after
{Heap after GC invocations=1368 (full 22):
 PSYoungGen      total 6656K, used 3068K [0x00000000eab00000, 0x00000000ebd80000, 0x0000000100000000)
  eden space 3584K, 0% used [0x00000000eab00000,0x00000000eab00000,0x00000000eae80000)
  from space 3072K, 99% used [0x00000000eb580000,0x00000000eb87f2f0,0x00000000eb880000)
  to   space 7168K, 0% used [0x00000000eae80000,0x00000000eae80000,0x00000000eb580000)
 ParOldGen       total 304640K, used 267641K [0x00000000c0000000, 0x00000000d2980000, 0x00000000eab00000)
  object space 304640K, 87% used [0x00000000c0000000,0x00000000d055e7a0,0x00000000d2980000)
 Metaspace       used 87741K, committed 88896K, reserved 1179648K
  class space    used 8916K, committed 9408K, reserved 1048576K
}
Event: 541.806 GC heap before
{Heap before GC invocations=1369 (full 22):
 PSYoungGen      total 6656K, used 6652K [0x00000000eab00000, 0x00000000ebd80000, 0x0000000100000000)
  eden space 3584K, 100% used [0x00000000eab00000,0x00000000eae80000,0x00000000eae80000)
  from space 3072K, 99% used [0x00000000eb580000,0x00000000eb87f2f0,0x00000000eb880000)
  to   space 7168K, 0% used [0x00000000eae80000,0x00000000eae80000,0x00000000eb580000)
 ParOldGen       total 304640K, used 267641K [0x00000000c0000000, 0x00000000d2980000, 0x00000000eab00000)
  object space 304640K, 87% used [0x00000000c0000000,0x00000000d055e7a0,0x00000000d2980000)
 Metaspace       used 87741K, committed 88896K, reserved 1179648K
  class space    used 8916K, committed 9408K, reserved 1048576K
}
Event: 541.808 GC heap after
{Heap after GC invocations=1369 (full 22):
 PSYoungGen      total 5632K, used 1760K [0x00000000eab00000, 0x00000000eb600000, 0x0000000100000000)
  eden space 3584K, 0% used [0x00000000eab00000,0x00000000eab00000,0x00000000eae80000)
  from space 2048K, 85% used [0x00000000eae80000,0x00000000eb038000,0x00000000eb080000)
  to   space 3584K, 0% used [0x00000000eb280000,0x00000000eb280000,0x00000000eb600000)
 ParOldGen       total 304640K, used 270750K [0x00000000c0000000, 0x00000000d2980000, 0x00000000eab00000)
  object space 304640K, 88% used [0x00000000c0000000,0x00000000d0867a90,0x00000000d2980000)
 Metaspace       used 87741K, committed 88896K, reserved 1179648K
  class space    used 8916K, committed 9408K, reserved 1048576K
}
Event: 541.879 GC heap before
{Heap before GC invocations=1370 (full 22):
 PSYoungGen      total 5632K, used 5344K [0x00000000eab00000, 0x00000000eb600000, 0x0000000100000000)
  eden space 3584K, 100% used [0x00000000eab00000,0x00000000eae80000,0x00000000eae80000)
  from space 2048K, 85% used [0x00000000eae80000,0x00000000eb038000,0x00000000eb080000)
  to   space 3584K, 0% used [0x00000000eb280000,0x00000000eb280000,0x00000000eb600000)
 ParOldGen       total 304640K, used 270750K [0x00000000c0000000, 0x00000000d2980000, 0x00000000eab00000)
  object space 304640K, 88% used [0x00000000c0000000,0x00000000d0867a90,0x00000000d2980000)
 Metaspace       used 87743K, committed 88896K, reserved 1179648K
  class space    used 8916K, committed 9408K, reserved 1048576K
}
Event: 541.881 GC heap after
{Heap after GC invocations=1370 (full 22):
 PSYoungGen      total 4608K, used 912K [0x00000000eab00000, 0x00000000eb380000, 0x0000000100000000)
  eden space 3584K, 0% used [0x00000000eab00000,0x00000000eab00000,0x00000000eae80000)
  from space 1024K, 89% used [0x00000000eb280000,0x00000000eb364010,0x00000000eb380000)
  to   space 1536K, 0% used [0x00000000eb080000,0x00000000eb080000,0x00000000eb200000)
 ParOldGen       total 304640K, used 272381K [0x00000000c0000000, 0x00000000d2980000, 0x00000000eab00000)
  object space 304640K, 89% used [0x00000000c0000000,0x00000000d09ff4d0,0x00000000d2980000)
 Metaspace       used 87743K, committed 88896K, reserved 1179648K
  class space    used 8916K, committed 9408K, reserved 1048576K
}
Event: 542.292 GC heap before
{Heap before GC invocations=1371 (full 22):
 PSYoungGen      total 4608K, used 4496K [0x00000000eab00000, 0x00000000eb380000, 0x0000000100000000)
  eden space 3584K, 100% used [0x00000000eab00000,0x00000000eae80000,0x00000000eae80000)
  from space 1024K, 89% used [0x00000000eb280000,0x00000000eb364010,0x00000000eb380000)
  to   space 1536K, 0% used [0x00000000eb080000,0x00000000eb080000,0x00000000eb200000)
 ParOldGen       total 304640K, used 272381K [0x00000000c0000000, 0x00000000d2980000, 0x00000000eab00000)
  object space 304640K, 89% used [0x00000000c0000000,0x00000000d09ff4d0,0x00000000d2980000)
 Metaspace       used 87743K, committed 88896K, reserved 1179648K
  class space    used 8916K, committed 9408K, reserved 1048576K
}
Event: 542.293 GC heap after
{Heap after GC invocations=1371 (full 22):
 PSYoungGen      total 5120K, used 160K [0x00000000eab00000, 0x00000000eb300000, 0x0000000100000000)
  eden space 3584K, 0% used [0x00000000eab00000,0x00000000eab00000,0x00000000eae80000)
  from space 1536K, 10% used [0x00000000eb080000,0x00000000eb0a8000,0x00000000eb200000)
  to   space 1024K, 0% used [0x00000000eb200000,0x00000000eb200000,0x00000000eb300000)
 ParOldGen       total 304640K, used 273254K [0x00000000c0000000, 0x00000000d2980000, 0x00000000eab00000)
  object space 304640K, 89% used [0x00000000c0000000,0x00000000d0ad9990,0x00000000d2980000)
 Metaspace       used 87743K, committed 88896K, reserved 1179648K
  class space    used 8916K, committed 9408K, reserved 1048576K
}
Event: 542.465 GC heap before
{Heap before GC invocations=1372 (full 22):
 PSYoungGen      total 5120K, used 3743K [0x00000000eab00000, 0x00000000eb300000, 0x0000000100000000)
  eden space 3584K, 99% used [0x00000000eab00000,0x00000000eae7fff0,0x00000000eae80000)
  from space 1536K, 10% used [0x00000000eb080000,0x00000000eb0a8000,0x00000000eb200000)
  to   space 1024K, 0% used [0x00000000eb200000,0x00000000eb200000,0x00000000eb300000)
 ParOldGen       total 304640K, used 273254K [0x00000000c0000000, 0x00000000d2980000, 0x00000000eab00000)
  object space 304640K, 89% used [0x00000000c0000000,0x00000000d0ad9990,0x00000000d2980000)
 Metaspace       used 87750K, committed 88896K, reserved 1179648K
  class space    used 8916K, committed 9408K, reserved 1048576K
}
Event: 542.466 GC heap after
{Heap after GC invocations=1372 (full 22):
 PSYoungGen      total 4608K, used 992K [0x00000000eab00000, 0x00000000eb300000, 0x0000000100000000)
  eden space 3584K, 0% used [0x00000000eab00000,0x00000000eab00000,0x00000000eae80000)
  from space 1024K, 96% used [0x00000000eb200000,0x00000000eb2f8020,0x00000000eb300000)
  to   space 1536K, 0% used [0x00000000eb000000,0x00000000eb000000,0x00000000eb180000)
 ParOldGen       total 304640K, used 273318K [0x00000000c0000000, 0x00000000d2980000, 0x00000000eab00000)
  object space 304640K, 89% used [0x00000000c0000000,0x00000000d0ae9990,0x00000000d2980000)
 Metaspace       used 87750K, committed 88896K, reserved 1179648K
  class space    used 8916K, committed 9408K, reserved 1048576K
}
Event: 542.471 GC heap before
{Heap before GC invocations=1373 (full 22):
 PSYoungGen      total 4608K, used 4576K [0x00000000eab00000, 0x00000000eb300000, 0x0000000100000000)
  eden space 3584K, 99% used [0x00000000eab00000,0x00000000eae7fff8,0x00000000eae80000)
  from space 1024K, 96% used [0x00000000eb200000,0x00000000eb2f8020,0x00000000eb300000)
  to   space 1536K, 0% used [0x00000000eb000000,0x00000000eb000000,0x00000000eb180000)
 ParOldGen       total 304640K, used 273318K [0x00000000c0000000, 0x00000000d2980000, 0x00000000eab00000)
  object space 304640K, 89% used [0x00000000c0000000,0x00000000d0ae9990,0x00000000d2980000)
 Metaspace       used 87750K, committed 88896K, reserved 1179648K
  class space    used 8916K, committed 9408K, reserved 1048576K
}
Event: 542.472 GC heap after
{Heap after GC invocations=1373 (full 22):
 PSYoungGen      total 5120K, used 528K [0x00000000eab00000, 0x00000000eb280000, 0x0000000100000000)
  eden space 3584K, 0% used [0x00000000eab00000,0x00000000eab00000,0x00000000eae80000)
  from space 1536K, 34% used [0x00000000eb000000,0x00000000eb084010,0x00000000eb180000)
  to   space 1024K, 0% used [0x00000000eb180000,0x00000000eb180000,0x00000000eb280000)
 ParOldGen       total 304640K, used 274191K [0x00000000c0000000, 0x00000000d2980000, 0x00000000eab00000)
  object space 304640K, 90% used [0x00000000c0000000,0x00000000d0bc3e60,0x00000000d2980000)
 Metaspace       used 87750K, committed 88896K, reserved 1179648K
  class space    used 8916K, committed 9408K, reserved 1048576K
}
Event: 543.057 GC heap before
{Heap before GC invocations=1374 (full 22):
 PSYoungGen      total 5120K, used 4112K [0x00000000eab00000, 0x00000000eb280000, 0x0000000100000000)
  eden space 3584K, 100% used [0x00000000eab00000,0x00000000eae80000,0x00000000eae80000)
  from space 1536K, 34% used [0x00000000eb000000,0x00000000eb084010,0x00000000eb180000)
  to   space 1024K, 0% used [0x00000000eb180000,0x00000000eb180000,0x00000000eb280000)
 ParOldGen       total 304640K, used 274191K [0x00000000c0000000, 0x00000000d2980000, 0x00000000eab00000)
  object space 304640K, 90% used [0x00000000c0000000,0x00000000d0bc3e60,0x00000000d2980000)
 Metaspace       used 87750K, committed 88896K, reserved 1179648K
  class space    used 8916K, committed 9408K, reserved 1048576K
}
Event: 543.058 GC heap after
{Heap after GC invocations=1374 (full 22):
 PSYoungGen      total 4608K, used 651K [0x00000000eab00000, 0x00000000eb280000, 0x0000000100000000)
  eden space 3584K, 0% used [0x00000000eab00000,0x00000000eab00000,0x00000000eae80000)
  from space 1024K, 63% used [0x00000000eb180000,0x00000000eb222f90,0x00000000eb280000)
  to   space 1024K, 0% used [0x00000000eb080000,0x00000000eb080000,0x00000000eb180000)
 ParOldGen       total 304640K, used 274207K [0x00000000c0000000, 0x00000000d2980000, 0x00000000eab00000)
  object space 304640K, 90% used [0x00000000c0000000,0x00000000d0bc7e60,0x00000000d2980000)
 Metaspace       used 87750K, committed 88896K, reserved 1179648K
  class space    used 8916K, committed 9408K, reserved 1048576K
}
Event: 543.062 GC heap before
{Heap before GC invocations=1375 (full 22):
 PSYoungGen      total 4608K, used 4235K [0x00000000eab00000, 0x00000000eb280000, 0x0000000100000000)
  eden space 3584K, 99% used [0x00000000eab00000,0x00000000eae7ffe0,0x00000000eae80000)
  from space 1024K, 63% used [0x00000000eb180000,0x00000000eb222f90,0x00000000eb280000)
  to   space 1024K, 0% used [0x00000000eb080000,0x00000000eb080000,0x00000000eb180000)
 ParOldGen       total 304640K, used 274207K [0x00000000c0000000, 0x00000000d2980000, 0x00000000eab00000)
  object space 304640K, 90% used [0x00000000c0000000,0x00000000d0bc7e60,0x00000000d2980000)
 Metaspace       used 87750K, committed 88896K, reserved 1179648K
  class space    used 8916K, committed 9408K, reserved 1048576K
}
Event: 543.063 GC heap after
{Heap after GC invocations=1375 (full 22):
 PSYoungGen      total 4608K, used 1024K [0x00000000eab00000, 0x00000000eb780000, 0x0000000100000000)
  eden space 3584K, 0% used [0x00000000eab00000,0x00000000eab00000,0x00000000eae80000)
  from space 1024K, 100% used [0x00000000eb080000,0x00000000eb180000,0x00000000eb180000)
  to   space 4608K, 0% used [0x00000000eb300000,0x00000000eb300000,0x00000000eb780000)
 ParOldGen       total 304640K, used 276939K [0x00000000c0000000, 0x00000000d2980000, 0x00000000eab00000)
  object space 304640K, 90% used [0x00000000c0000000,0x00000000d0e72df0,0x00000000d2980000)
 Metaspace       used 87750K, committed 88896K, reserved 1179648K
  class space    used 8916K, committed 9408K, reserved 1048576K
}
Event: 543.081 GC heap before
{Heap before GC invocations=1376 (full 22):
 PSYoungGen      total 4608K, used 4608K [0x00000000eab00000, 0x00000000eb780000, 0x0000000100000000)
  eden space 3584K, 100% used [0x00000000eab00000,0x00000000eae80000,0x00000000eae80000)
  from space 1024K, 100% used [0x00000000eb080000,0x00000000eb180000,0x00000000eb180000)
  to   space 4608K, 0% used [0x00000000eb300000,0x00000000eb300000,0x00000000eb780000)
 ParOldGen       total 304640K, used 276939K [0x00000000c0000000, 0x00000000d2980000, 0x00000000eab00000)
  object space 304640K, 90% used [0x00000000c0000000,0x00000000d0e72df0,0x00000000d2980000)
 Metaspace       used 87750K, committed 88896K, reserved 1179648K
  class space    used 8916K, committed 9408K, reserved 1048576K
}

