# JRE version: OpenJDK Runtime Environment Temurin-17.0.9+9 (17.0.9+9) (build 17.0.9+9)
# Java VM: OpenJDK 64-Bit Server VM Temurin-17.0.9+9 (17.0.9+9, mixed mode, tiered, compressed oops, compressed class ptrs, parallel gc, windows-amd64)
GC Precious Log:
 CPUs: 6 total, 6 available
 Memory: 16055M
 Large Page Support: Disabled
 NUMA Support: Disabled
 Compressed Oops: Enabled (32-bit)
 Alignments: Space 512K, Generation 512K, Heap 2M
 Heap Min Capacity: 100M
 Heap Initial Capacity: 100M
 Heap Max Capacity: 1G
 Pre-touch: Disabled
 Parallel Workers: 6
Heap:
 PSYoungGen      total 2560K, used 2560K [0x00000000eab00000, 0x00000000eaf80000, 0x0000000100000000)
  eden space 1536K, 100% used [0x00000000eab00000,0x00000000eac80000,0x00000000eac80000)
  from space 1024K, 100% used [0x00000000ead80000,0x00000000eae80000,0x00000000eae80000)
  to   space 1024K, 100% used [0x00000000eae80000,0x00000000eaf80000,0x00000000eaf80000)
 ParOldGen       total 209920K, used 170741K [0x00000000c0000000, 0x00000000ccd00000, 0x00000000eab00000)
  object space 209920K, 81% used [0x00000000c0000000,0x00000000ca6bd488,0x00000000ccd00000)
 Metaspace       used 92359K, committed 93696K, reserved 1179648K
  class space    used 9082K, committed 9728K, reserved 1048576K
GC Heap History (20 events):
Event: 2079.947 GC heap after
{Heap after GC invocations=8325 (full 55):
 PSYoungGen      total 5632K, used 544K [0x00000000eab00000, 0x00000000eb400000, 0x0000000100000000)
  eden space 4608K, 0% used [0x00000000eab00000,0x00000000eab00000,0x00000000eaf80000)
  from space 1024K, 53% used [0x00000000eb300000,0x00000000eb388020,0x00000000eb400000)
  to   space 1024K, 0% used [0x00000000eaf80000,0x00000000eaf80000,0x00000000eb080000)
 ParOldGen       total 209920K, used 153934K [0x00000000c0000000, 0x00000000ccd00000, 0x00000000eab00000)
  object space 209920K, 73% used [0x00000000c0000000,0x00000000c9653aa8,0x00000000ccd00000)
 Metaspace       used 92359K, committed 93696K, reserved 1179648K
  class space    used 9082K, committed 9728K, reserved 1048576K
}
Event: 2080.617 GC heap before
{Heap before GC invocations=8326 (full 55):
 PSYoungGen      total 5632K, used 5152K [0x00000000eab00000, 0x00000000eb400000, 0x0000000100000000)
  eden space 4608K, 100% used [0x00000000eab00000,0x00000000eaf80000,0x00000000eaf80000)
  from space 1024K, 53% used [0x00000000eb300000,0x00000000eb388020,0x00000000eb400000)
  to   space 1024K, 0% used [0x00000000eaf80000,0x00000000eaf80000,0x00000000eb080000)
 ParOldGen       total 209920K, used 153934K [0x00000000c0000000, 0x00000000ccd00000, 0x00000000eab00000)
  object space 209920K, 73% used [0x00000000c0000000,0x00000000c9653aa8,0x00000000ccd00000)
 Metaspace       used 92359K, committed 93696K, reserved 1179648K
  class space    used 9082K, committed 9728K, reserved 1048576K
}
Event: 2080.618 GC heap after
{Heap after GC invocations=8326 (full 55):
 PSYoungGen      total 5632K, used 1016K [0x00000000eab00000, 0x00000000eb680000, 0x0000000100000000)
  eden space 4608K, 0% used [0x00000000eab00000,0x00000000eab00000,0x00000000eaf80000)
  from space 1024K, 99% used [0x00000000eaf80000,0x00000000eb07e0f0,0x00000000eb080000)
  to   space 3584K, 0% used [0x00000000eb300000,0x00000000eb300000,0x00000000eb680000)
 ParOldGen       total 209920K, used 155723K [0x00000000c0000000, 0x00000000ccd00000, 0x00000000eab00000)
  object space 209920K, 74% used [0x00000000c0000000,0x00000000c9812f48,0x00000000ccd00000)
 Metaspace       used 92359K, committed 93696K, reserved 1179648K
  class space    used 9082K, committed 9728K, reserved 1048576K
}
Event: 2080.625 GC heap before
{Heap before GC invocations=8327 (full 55):
 PSYoungGen      total 5632K, used 5624K [0x00000000eab00000, 0x00000000eb680000, 0x0000000100000000)
  eden space 4608K, 100% used [0x00000000eab00000,0x00000000eaf80000,0x00000000eaf80000)
  from space 1024K, 99% used [0x00000000eaf80000,0x00000000eb07e0f0,0x00000000eb080000)
  to   space 3584K, 0% used [0x00000000eb300000,0x00000000eb300000,0x00000000eb680000)
 ParOldGen       total 209920K, used 155723K [0x00000000c0000000, 0x00000000ccd00000, 0x00000000eab00000)
  object space 209920K, 74% used [0x00000000c0000000,0x00000000c9812f48,0x00000000ccd00000)
 Metaspace       used 92359K, committed 93696K, reserved 1179648K
  class space    used 9082K, committed 9728K, reserved 1048576K
}
Event: 2080.626 GC heap after
{Heap after GC invocations=8327 (full 55):
 PSYoungGen      total 5632K, used 3580K [0x00000000eab00000, 0x00000000ebb80000, 0x0000000100000000)
  eden space 2048K, 0% used [0x00000000eab00000,0x00000000eab00000,0x00000000ead00000)
  from space 3584K, 99% used [0x00000000eb300000,0x00000000eb67f2f0,0x00000000eb680000)
  to   space 6144K, 0% used [0x00000000ead00000,0x00000000ead00000,0x00000000eb300000)
 ParOldGen       total 209920K, used 157711K [0x00000000c0000000, 0x00000000ccd00000, 0x00000000eab00000)
  object space 209920K, 75% used [0x00000000c0000000,0x00000000c9a03f18,0x00000000ccd00000)
 Metaspace       used 92359K, committed 93696K, reserved 1179648K
  class space    used 9082K, committed 9728K, reserved 1048576K
}
Event: 2080.629 GC heap before
{Heap before GC invocations=8328 (full 55):
 PSYoungGen      total 5632K, used 5628K [0x00000000eab00000, 0x00000000ebb80000, 0x0000000100000000)
  eden space 2048K, 99% used [0x00000000eab00000,0x00000000eacfffc8,0x00000000ead00000)
  from space 3584K, 99% used [0x00000000eb300000,0x00000000eb67f2f0,0x00000000eb680000)
  to   space 6144K, 0% used [0x00000000ead00000,0x00000000ead00000,0x00000000eb300000)
 ParOldGen       total 209920K, used 157711K [0x00000000c0000000, 0x00000000ccd00000, 0x00000000eab00000)
  object space 209920K, 75% used [0x00000000c0000000,0x00000000c9a03f18,0x00000000ccd00000)
 Metaspace       used 92359K, committed 93696K, reserved 1179648K
  class space    used 9082K, committed 9728K, reserved 1048576K
}
Event: 2080.631 GC heap after
{Heap after GC invocations=8328 (full 55):
 PSYoungGen      total 4608K, used 2112K [0x00000000eab00000, 0x00000000eb400000, 0x0000000100000000)
  eden space 2048K, 0% used [0x00000000eab00000,0x00000000eab00000,0x00000000ead00000)
  from space 2560K, 82% used [0x00000000ead00000,0x00000000eaf10000,0x00000000eaf80000)
  to   space 3584K, 0% used [0x00000000eb080000,0x00000000eb080000,0x00000000eb400000)
 ParOldGen       total 209920K, used 161348K [0x00000000c0000000, 0x00000000ccd00000, 0x00000000eab00000)
  object space 209920K, 76% used [0x00000000c0000000,0x00000000c9d91208,0x00000000ccd00000)
 Metaspace       used 92359K, committed 93696K, reserved 1179648K
  class space    used 9082K, committed 9728K, reserved 1048576K
}
Event: 2080.634 GC heap before
{Heap before GC invocations=8329 (full 55):
 PSYoungGen      total 4608K, used 4160K [0x00000000eab00000, 0x00000000eb400000, 0x0000000100000000)
  eden space 2048K, 100% used [0x00000000eab00000,0x00000000ead00000,0x00000000ead00000)
  from space 2560K, 82% used [0x00000000ead00000,0x00000000eaf10000,0x00000000eaf80000)
  to   space 3584K, 0% used [0x00000000eb080000,0x00000000eb080000,0x00000000eb400000)
 ParOldGen       total 209920K, used 161348K [0x00000000c0000000, 0x00000000ccd00000, 0x00000000eab00000)
  object space 209920K, 76% used [0x00000000c0000000,0x00000000c9d91208,0x00000000ccd00000)
 Metaspace       used 92359K, committed 93696K, reserved 1179648K
  class space    used 9082K, committed 9728K, reserved 1048576K
}
Event: 2080.635 GC heap after
{Heap after GC invocations=8329 (full 55):
 PSYoungGen      total 3584K, used 768K [0x00000000eab00000, 0x00000000eb180000, 0x0000000100000000)
  eden space 2560K, 0% used [0x00000000eab00000,0x00000000eab00000,0x00000000ead80000)
  from space 1024K, 75% used [0x00000000eb080000,0x00000000eb140000,0x00000000eb180000)
  to   space 1536K, 0% used [0x00000000eae80000,0x00000000eae80000,0x00000000eb000000)
 ParOldGen       total 209920K, used 163388K [0x00000000c0000000, 0x00000000ccd00000, 0x00000000eab00000)
  object space 209920K, 77% used [0x00000000c0000000,0x00000000c9f8f208,0x00000000ccd00000)
 Metaspace       used 92359K, committed 93696K, reserved 1179648K
  class space    used 9082K, committed 9728K, reserved 1048576K
}
Event: 2080.638 GC heap before
{Heap before GC invocations=8330 (full 55):
 PSYoungGen      total 3584K, used 3328K [0x00000000eab00000, 0x00000000eb180000, 0x0000000100000000)
  eden space 2560K, 100% used [0x00000000eab00000,0x00000000ead80000,0x00000000ead80000)
  from space 1024K, 75% used [0x00000000eb080000,0x00000000eb140000,0x00000000eb180000)
  to   space 1536K, 0% used [0x00000000eae80000,0x00000000eae80000,0x00000000eb000000)
 ParOldGen       total 209920K, used 163388K [0x00000000c0000000, 0x00000000ccd00000, 0x00000000eab00000)
  object space 209920K, 77% used [0x00000000c0000000,0x00000000c9f8f208,0x00000000ccd00000)
 Metaspace       used 92359K, committed 93696K, reserved 1179648K
  class space    used 9082K, committed 9728K, reserved 1048576K
}
Event: 2080.639 GC heap after
{Heap after GC invocations=8330 (full 55):
 PSYoungGen      total 4608K, used 1240K [0x00000000eab00000, 0x00000000eb100000, 0x0000000100000000)
  eden space 3072K, 0% used [0x00000000eab00000,0x00000000eab00000,0x00000000eae00000)
  from space 1536K, 80% used [0x00000000eae80000,0x00000000eafb60d0,0x00000000eb000000)
  to   space 1024K, 0% used [0x00000000eb000000,0x00000000eb000000,0x00000000eb100000)
 ParOldGen       total 209920K, used 163971K [0x00000000c0000000, 0x00000000ccd00000, 0x00000000eab00000)
  object space 209920K, 78% used [0x00000000c0000000,0x00000000ca020c48,0x00000000ccd00000)
 Metaspace       used 92359K, committed 93696K, reserved 1179648K
  class space    used 9082K, committed 9728K, reserved 1048576K
}
Event: 2080.643 GC heap before
{Heap before GC invocations=8331 (full 55):
 PSYoungGen      total 4608K, used 4312K [0x00000000eab00000, 0x00000000eb100000, 0x0000000100000000)
  eden space 3072K, 100% used [0x00000000eab00000,0x00000000eae00000,0x00000000eae00000)
  from space 1536K, 80% used [0x00000000eae80000,0x00000000eafb60d0,0x00000000eb000000)
  to   space 1024K, 0% used [0x00000000eb000000,0x00000000eb000000,0x00000000eb100000)
 ParOldGen       total 209920K, used 163971K [0x00000000c0000000, 0x00000000ccd00000, 0x00000000eab00000)
  object space 209920K, 78% used [0x00000000c0000000,0x00000000ca020c48,0x00000000ccd00000)
 Metaspace       used 92359K, committed 93696K, reserved 1179648K
  class space    used 9082K, committed 9728K, reserved 1048576K
}
Event: 2080.645 GC heap after
{Heap after GC invocations=8331 (full 55):
 PSYoungGen      total 1536K, used 1020K [0x00000000eab00000, 0x00000000eb900000, 0x0000000100000000)
  eden space 512K, 0% used [0x00000000eab00000,0x00000000eab00000,0x00000000eab80000)
  from space 1024K, 99% used [0x00000000eb000000,0x00000000eb0ff2f0,0x00000000eb100000)
  to   space 4608K, 0% used [0x00000000eab80000,0x00000000eab80000,0x00000000eb000000)
 ParOldGen       total 209920K, used 167176K [0x00000000c0000000, 0x00000000ccd00000, 0x00000000eab00000)
  object space 209920K, 79% used [0x00000000c0000000,0x00000000ca342198,0x00000000ccd00000)
 Metaspace       used 92359K, committed 93696K, reserved 1179648K
  class space    used 9082K, committed 9728K, reserved 1048576K
}
Event: 2080.646 GC heap before
{Heap before GC invocations=8332 (full 55):
 PSYoungGen      total 1536K, used 1532K [0x00000000eab00000, 0x00000000eb900000, 0x0000000100000000)
  eden space 512K, 100% used [0x00000000eab00000,0x00000000eab80000,0x00000000eab80000)
  from space 1024K, 99% used [0x00000000eb000000,0x00000000eb0ff2f0,0x00000000eb100000)
  to   space 4608K, 0% used [0x00000000eab80000,0x00000000eab80000,0x00000000eb000000)
 ParOldGen       total 209920K, used 167176K [0x00000000c0000000, 0x00000000ccd00000, 0x00000000eab00000)
  object space 209920K, 79% used [0x00000000c0000000,0x00000000ca342198,0x00000000ccd00000)
 Metaspace       used 92359K, committed 93696K, reserved 1179648K
  class space    used 9082K, committed 9728K, reserved 1048576K
}
Event: 2080.647 GC heap after
{Heap after GC invocations=8332 (full 55):
 PSYoungGen      total 1024K, used 512K [0x00000000eab00000, 0x00000000eb080000, 0x0000000100000000)
  eden space 512K, 0% used [0x00000000eab00000,0x00000000eab00000,0x00000000eab80000)
  from space 512K, 100% used [0x00000000eab80000,0x00000000eac00000,0x00000000eac00000)
  to   space 2048K, 0% used [0x00000000eae80000,0x00000000eae80000,0x00000000eb080000)
 ParOldGen       total 209920K, used 168213K [0x00000000c0000000, 0x00000000ccd00000, 0x00000000eab00000)
  object space 209920K, 80% used [0x00000000c0000000,0x00000000ca445488,0x00000000ccd00000)
 Metaspace       used 92359K, committed 93696K, reserved 1179648K
  class space    used 9082K, committed 9728K, reserved 1048576K
}
Event: 2080.648 GC heap before
{Heap before GC invocations=8333 (full 55):
 PSYoungGen      total 1024K, used 1024K [0x00000000eab00000, 0x00000000eb080000, 0x0000000100000000)
  eden space 512K, 100% used [0x00000000eab00000,0x00000000eab80000,0x00000000eab80000)
  from space 512K, 100% used [0x00000000eab80000,0x00000000eac00000,0x00000000eac00000)
  to   space 2048K, 0% used [0x00000000eae80000,0x00000000eae80000,0x00000000eb080000)
 ParOldGen       total 209920K, used 168213K [0x00000000c0000000, 0x00000000ccd00000, 0x00000000eab00000)
  object space 209920K, 80% used [0x00000000c0000000,0x00000000ca445488,0x00000000ccd00000)
 Metaspace       used 92359K, committed 93696K, reserved 1179648K
  class space    used 9082K, committed 9728K, reserved 1048576K
}
Event: 2080.649 GC heap after
{Heap after GC invocations=8333 (full 55):
 PSYoungGen      total 2048K, used 544K [0x00000000eab00000, 0x00000000eaf80000, 0x0000000100000000)
  eden space 1024K, 0% used [0x00000000eab00000,0x00000000eab00000,0x00000000eac00000)
  from space 1024K, 53% used [0x00000000eae80000,0x00000000eaf08000,0x00000000eaf80000)
  to   space 1024K, 0% used [0x00000000ead80000,0x00000000ead80000,0x00000000eae80000)
 ParOldGen       total 209920K, used 168717K [0x00000000c0000000, 0x00000000ccd00000, 0x00000000eab00000)
  object space 209920K, 80% used [0x00000000c0000000,0x00000000ca4c3488,0x00000000ccd00000)
 Metaspace       used 92359K, committed 93696K, reserved 1179648K
  class space    used 9082K, committed 9728K, reserved 1048576K
}
Event: 2080.650 GC heap before
{Heap before GC invocations=8334 (full 55):
 PSYoungGen      total 2048K, used 1568K [0x00000000eab00000, 0x00000000eaf80000, 0x0000000100000000)
  eden space 1024K, 100% used [0x00000000eab00000,0x00000000eac00000,0x00000000eac00000)
  from space 1024K, 53% used [0x00000000eae80000,0x00000000eaf08000,0x00000000eaf80000)
  to   space 1024K, 0% used [0x00000000ead80000,0x00000000ead80000,0x00000000eae80000)
 ParOldGen       total 209920K, used 168717K [0x00000000c0000000, 0x00000000ccd00000, 0x00000000eab00000)
  object space 209920K, 80% used [0x00000000c0000000,0x00000000ca4c3488,0x00000000ccd00000)
 Metaspace       used 92359K, committed 93696K, reserved 1179648K
  class space    used 9082K, committed 9728K, reserved 1048576K
}
Event: 2080.652 GC heap after
{Heap after GC invocations=8334 (full 55):
 PSYoungGen      total 2560K, used 1024K [0x00000000eab00000, 0x00000000eaf80000, 0x0000000100000000)
  eden space 1536K, 0% used [0x00000000eab00000,0x00000000eab00000,0x00000000eac80000)
  from space 1024K, 100% used [0x00000000ead80000,0x00000000eae80000,0x00000000eae80000)
  to   space 1024K, 0% used [0x00000000eae80000,0x00000000eae80000,0x00000000eaf80000)
 ParOldGen       total 209920K, used 169213K [0x00000000c0000000, 0x00000000ccd00000, 0x00000000eab00000)
  object space 209920K, 80% used [0x00000000c0000000,0x00000000ca53f488,0x00000000ccd00000)
 Metaspace       used 92359K, committed 93696K, reserved 1179648K
  class space    used 9082K, committed 9728K, reserved 1048576K
}
Event: 2080.654 GC heap before
{Heap before GC invocations=8335 (full 55):
 PSYoungGen      total 2560K, used 2560K [0x00000000eab00000, 0x00000000eaf80000, 0x0000000100000000)
  eden space 1536K, 100% used [0x00000000eab00000,0x00000000eac80000,0x00000000eac80000)
  from space 1024K, 100% used [0x00000000ead80000,0x00000000eae80000,0x00000000eae80000)
  to   space 1024K, 0% used [0x00000000eae80000,0x00000000eae80000,0x00000000eaf80000)
 ParOldGen       total 209920K, used 169213K [0x00000000c0000000, 0x00000000ccd00000, 0x00000000eab00000)
  object space 209920K, 80% used [0x00000000c0000000,0x00000000ca53f488,0x00000000ccd00000)
 Metaspace       used 92359K, committed 93696K, reserved 1179648K
  class space    used 9082K, committed 9728K, reserved 1048576K
}

