# JRE version: OpenJDK Runtime Environment Temurin-17.0.9+9 (17.0.9+9) (build 17.0.9+9)
# Java VM: OpenJDK 64-Bit Server VM Temurin-17.0.9+9 (17.0.9+9, mixed mode, tiered, compressed oops, compressed class ptrs, parallel gc, windows-amd64)
GC Precious Log:
 CPUs: 6 total, 6 available
 Memory: 16055M
 Large Page Support: Disabled
 NUMA Support: Disabled
 Compressed Oops: Enabled (32-bit)
 Alignments: Space 512K, Generation 512K, Heap 2M
 Heap Min Capacity: 100M
 Heap Initial Capacity: 100M
 Heap Max Capacity: 1G
 Pre-touch: Disabled
 Parallel Workers: 6
Heap:
 PSYoungGen      total 2560K, used 2112K [0x00000000eab00000, 0x00000000eb080000, 0x0000000100000000)
  eden space 1024K, 100% used [0x00000000eab00000,0x00000000eac00000,0x00000000eac00000)
  from space 1536K, 70% used [0x00000000eac00000,0x00000000ead10000,0x00000000ead80000)
  to   space 2048K, 45% used [0x00000000eae80000,0x00000000eaf6a000,0x00000000eb080000)
 ParOldGen       total 324608K, used 306871K [0x00000000c0000000, 0x00000000d3d00000, 0x00000000eab00000)
  object space 324608K, 94% used [0x00000000c0000000,0x00000000d2badde0,0x00000000d3d00000)
 Metaspace       used 81532K, committed 82816K, reserved 1179648K
  class space    used 8526K, committed 9088K, reserved 1048576K
GC Heap History (20 events):
Event: 170.906 GC heap after
{Heap after GC invocations=309 (full 9):
 PSYoungGen      total 3584K, used 976K [0x00000000eab00000, 0x00000000eb000000, 0x0000000100000000)
  eden space 2048K, 0% used [0x00000000eab00000,0x00000000eab00000,0x00000000ead00000)
  from space 1536K, 63% used [0x00000000eae80000,0x00000000eaf74000,0x00000000eb000000)
  to   space 1536K, 0% used [0x00000000ead00000,0x00000000ead00000,0x00000000eae80000)
 ParOldGen       total 324608K, used 300903K [0x00000000c0000000, 0x00000000d3d00000, 0x00000000eab00000)
  object space 324608K, 92% used [0x00000000c0000000,0x00000000d25d9f60,0x00000000d3d00000)
 Metaspace       used 81525K, committed 82816K, reserved 1179648K
  class space    used 8526K, committed 9088K, reserved 1048576K
}
Event: 171.174 GC heap before
{Heap before GC invocations=310 (full 9):
 PSYoungGen      total 3584K, used 3024K [0x00000000eab00000, 0x00000000eb000000, 0x0000000100000000)
  eden space 2048K, 100% used [0x00000000eab00000,0x00000000ead00000,0x00000000ead00000)
  from space 1536K, 63% used [0x00000000eae80000,0x00000000eaf74000,0x00000000eb000000)
  to   space 1536K, 0% used [0x00000000ead00000,0x00000000ead00000,0x00000000eae80000)
 ParOldGen       total 324608K, used 300903K [0x00000000c0000000, 0x00000000d3d00000, 0x00000000eab00000)
  object space 324608K, 92% used [0x00000000c0000000,0x00000000d25d9f60,0x00000000d3d00000)
 Metaspace       used 81528K, committed 82816K, reserved 1179648K
  class space    used 8526K, committed 9088K, reserved 1048576K
}
Event: 171.175 GC heap after
{Heap after GC invocations=310 (full 9):
 PSYoungGen      total 3584K, used 352K [0x00000000eab00000, 0x00000000eaf80000, 0x0000000100000000)
  eden space 2048K, 0% used [0x00000000eab00000,0x00000000eab00000,0x00000000ead00000)
  from space 1536K, 22% used [0x00000000ead00000,0x00000000ead58020,0x00000000eae80000)
  to   space 1024K, 0% used [0x00000000eae80000,0x00000000eae80000,0x00000000eaf80000)
 ParOldGen       total 324608K, used 301471K [0x00000000c0000000, 0x00000000d3d00000, 0x00000000eab00000)
  object space 324608K, 92% used [0x00000000c0000000,0x00000000d2667f60,0x00000000d3d00000)
 Metaspace       used 81528K, committed 82816K, reserved 1179648K
  class space    used 8526K, committed 9088K, reserved 1048576K
}
Event: 171.384 GC heap before
{Heap before GC invocations=311 (full 9):
 PSYoungGen      total 3584K, used 2399K [0x00000000eab00000, 0x00000000eaf80000, 0x0000000100000000)
  eden space 2048K, 99% used [0x00000000eab00000,0x00000000eacfffd8,0x00000000ead00000)
  from space 1536K, 22% used [0x00000000ead00000,0x00000000ead58020,0x00000000eae80000)
  to   space 1024K, 0% used [0x00000000eae80000,0x00000000eae80000,0x00000000eaf80000)
 ParOldGen       total 324608K, used 301471K [0x00000000c0000000, 0x00000000d3d00000, 0x00000000eab00000)
  object space 324608K, 92% used [0x00000000c0000000,0x00000000d2667f60,0x00000000d3d00000)
 Metaspace       used 81529K, committed 82816K, reserved 1179648K
  class space    used 8526K, committed 9088K, reserved 1048576K
}
Event: 171.385 GC heap after
{Heap after GC invocations=311 (full 9):
 PSYoungGen      total 2560K, used 160K [0x00000000eab00000, 0x00000000eaf00000, 0x0000000100000000)
  eden space 2048K, 0% used [0x00000000eab00000,0x00000000eab00000,0x00000000ead00000)
  from space 512K, 31% used [0x00000000eae80000,0x00000000eaea8000,0x00000000eaf00000)
  to   space 512K, 0% used [0x00000000eae00000,0x00000000eae00000,0x00000000eae80000)
 ParOldGen       total 324608K, used 301495K [0x00000000c0000000, 0x00000000d3d00000, 0x00000000eab00000)
  object space 324608K, 92% used [0x00000000c0000000,0x00000000d266df60,0x00000000d3d00000)
 Metaspace       used 81529K, committed 82816K, reserved 1179648K
  class space    used 8526K, committed 9088K, reserved 1048576K
}
Event: 175.928 GC heap before
{Heap before GC invocations=312 (full 9):
 PSYoungGen      total 2560K, used 2208K [0x00000000eab00000, 0x00000000eaf00000, 0x0000000100000000)
  eden space 2048K, 100% used [0x00000000eab00000,0x00000000ead00000,0x00000000ead00000)
  from space 512K, 31% used [0x00000000eae80000,0x00000000eaea8000,0x00000000eaf00000)
  to   space 512K, 0% used [0x00000000eae00000,0x00000000eae00000,0x00000000eae80000)
 ParOldGen       total 324608K, used 301495K [0x00000000c0000000, 0x00000000d3d00000, 0x00000000eab00000)
  object space 324608K, 92% used [0x00000000c0000000,0x00000000d266df60,0x00000000d3d00000)
 Metaspace       used 81529K, committed 82816K, reserved 1179648K
  class space    used 8526K, committed 9088K, reserved 1048576K
}
Event: 175.929 GC heap after
{Heap after GC invocations=312 (full 9):
 PSYoungGen      total 2560K, used 192K [0x00000000eab00000, 0x00000000eaf00000, 0x0000000100000000)
  eden space 2048K, 0% used [0x00000000eab00000,0x00000000eab00000,0x00000000ead00000)
  from space 512K, 37% used [0x00000000eae00000,0x00000000eae30000,0x00000000eae80000)
  to   space 512K, 0% used [0x00000000eae80000,0x00000000eae80000,0x00000000eaf00000)
 ParOldGen       total 324608K, used 301527K [0x00000000c0000000, 0x00000000d3d00000, 0x00000000eab00000)
  object space 324608K, 92% used [0x00000000c0000000,0x00000000d2675f60,0x00000000d3d00000)
 Metaspace       used 81529K, committed 82816K, reserved 1179648K
  class space    used 8526K, committed 9088K, reserved 1048576K
}
Event: 176.135 GC heap before
{Heap before GC invocations=313 (full 9):
 PSYoungGen      total 2560K, used 2240K [0x00000000eab00000, 0x00000000eaf00000, 0x0000000100000000)
  eden space 2048K, 100% used [0x00000000eab00000,0x00000000ead00000,0x00000000ead00000)
  from space 512K, 37% used [0x00000000eae00000,0x00000000eae30000,0x00000000eae80000)
  to   space 512K, 0% used [0x00000000eae80000,0x00000000eae80000,0x00000000eaf00000)
 ParOldGen       total 324608K, used 301527K [0x00000000c0000000, 0x00000000d3d00000, 0x00000000eab00000)
  object space 324608K, 92% used [0x00000000c0000000,0x00000000d2675f60,0x00000000d3d00000)
 Metaspace       used 81529K, committed 82816K, reserved 1179648K
  class space    used 8526K, committed 9088K, reserved 1048576K
}
Event: 176.136 GC heap after
{Heap after GC invocations=313 (full 9):
 PSYoungGen      total 2560K, used 480K [0x00000000eab00000, 0x00000000eaf00000, 0x0000000100000000)
  eden space 2048K, 0% used [0x00000000eab00000,0x00000000eab00000,0x00000000ead00000)
  from space 512K, 93% used [0x00000000eae80000,0x00000000eaef8040,0x00000000eaf00000)
  to   space 1024K, 0% used [0x00000000ead00000,0x00000000ead00000,0x00000000eae00000)
 ParOldGen       total 324608K, used 301835K [0x00000000c0000000, 0x00000000d3d00000, 0x00000000eab00000)
  object space 324608K, 92% used [0x00000000c0000000,0x00000000d26c2e40,0x00000000d3d00000)
 Metaspace       used 81529K, committed 82816K, reserved 1179648K
  class space    used 8526K, committed 9088K, reserved 1048576K
}
Event: 176.202 GC heap before
{Heap before GC invocations=314 (full 9):
 PSYoungGen      total 2560K, used 2528K [0x00000000eab00000, 0x00000000eaf00000, 0x0000000100000000)
  eden space 2048K, 100% used [0x00000000eab00000,0x00000000ead00000,0x00000000ead00000)
  from space 512K, 93% used [0x00000000eae80000,0x00000000eaef8040,0x00000000eaf00000)
  to   space 1024K, 0% used [0x00000000ead00000,0x00000000ead00000,0x00000000eae00000)
 ParOldGen       total 324608K, used 301835K [0x00000000c0000000, 0x00000000d3d00000, 0x00000000eab00000)
  object space 324608K, 92% used [0x00000000c0000000,0x00000000d26c2e40,0x00000000d3d00000)
 Metaspace       used 81529K, committed 82816K, reserved 1179648K
  class space    used 8526K, committed 9088K, reserved 1048576K
}
Event: 176.202 GC heap after
{Heap after GC invocations=314 (full 9):
 PSYoungGen      total 3072K, used 304K [0x00000000eab00000, 0x00000000eaf00000, 0x0000000100000000)
  eden space 2048K, 0% used [0x00000000eab00000,0x00000000eab00000,0x00000000ead00000)
  from space 1024K, 29% used [0x00000000ead00000,0x00000000ead4c010,0x00000000eae00000)
  to   space 512K, 0% used [0x00000000eae80000,0x00000000eae80000,0x00000000eaf00000)
 ParOldGen       total 324608K, used 302331K [0x00000000c0000000, 0x00000000d3d00000, 0x00000000eab00000)
  object space 324608K, 93% used [0x00000000c0000000,0x00000000d273eea0,0x00000000d3d00000)
 Metaspace       used 81529K, committed 82816K, reserved 1179648K
  class space    used 8526K, committed 9088K, reserved 1048576K
}
Event: 176.793 GC heap before
{Heap before GC invocations=315 (full 9):
 PSYoungGen      total 3072K, used 2352K [0x00000000eab00000, 0x00000000eaf00000, 0x0000000100000000)
  eden space 2048K, 99% used [0x00000000eab00000,0x00000000eacffff8,0x00000000ead00000)
  from space 1024K, 29% used [0x00000000ead00000,0x00000000ead4c010,0x00000000eae00000)
  to   space 512K, 0% used [0x00000000eae80000,0x00000000eae80000,0x00000000eaf00000)
 ParOldGen       total 324608K, used 302331K [0x00000000c0000000, 0x00000000d3d00000, 0x00000000eab00000)
  object space 324608K, 93% used [0x00000000c0000000,0x00000000d273eea0,0x00000000d3d00000)
 Metaspace       used 81531K, committed 82816K, reserved 1179648K
  class space    used 8526K, committed 9088K, reserved 1048576K
}
Event: 176.794 GC heap after
{Heap after GC invocations=315 (full 9):
 PSYoungGen      total 2560K, used 192K [0x00000000eab00000, 0x00000000eaf00000, 0x0000000100000000)
  eden space 2048K, 0% used [0x00000000eab00000,0x00000000eab00000,0x00000000ead00000)
  from space 512K, 37% used [0x00000000eae80000,0x00000000eaeb0000,0x00000000eaf00000)
  to   space 512K, 0% used [0x00000000eae00000,0x00000000eae00000,0x00000000eae80000)
 ParOldGen       total 324608K, used 302331K [0x00000000c0000000, 0x00000000d3d00000, 0x00000000eab00000)
  object space 324608K, 93% used [0x00000000c0000000,0x00000000d273eea0,0x00000000d3d00000)
 Metaspace       used 81531K, committed 82816K, reserved 1179648K
  class space    used 8526K, committed 9088K, reserved 1048576K
}
Event: 176.803 GC heap before
{Heap before GC invocations=316 (full 9):
 PSYoungGen      total 2560K, used 2240K [0x00000000eab00000, 0x00000000eaf00000, 0x0000000100000000)
  eden space 2048K, 100% used [0x00000000eab00000,0x00000000ead00000,0x00000000ead00000)
  from space 512K, 37% used [0x00000000eae80000,0x00000000eaeb0000,0x00000000eaf00000)
  to   space 512K, 0% used [0x00000000eae00000,0x00000000eae00000,0x00000000eae80000)
 ParOldGen       total 324608K, used 302331K [0x00000000c0000000, 0x00000000d3d00000, 0x00000000eab00000)
  object space 324608K, 93% used [0x00000000c0000000,0x00000000d273eea0,0x00000000d3d00000)
 Metaspace       used 81532K, committed 82816K, reserved 1179648K
  class space    used 8526K, committed 9088K, reserved 1048576K
}
Event: 176.804 GC heap after
{Heap after GC invocations=316 (full 9):
 PSYoungGen      total 2560K, used 485K [0x00000000eab00000, 0x00000000eb100000, 0x0000000100000000)
  eden space 2048K, 0% used [0x00000000eab00000,0x00000000eab00000,0x00000000ead00000)
  from space 512K, 94% used [0x00000000eae00000,0x00000000eae797a0,0x00000000eae80000)
  to   space 2048K, 0% used [0x00000000eaf00000,0x00000000eaf00000,0x00000000eb100000)
 ParOldGen       total 324608K, used 303313K [0x00000000c0000000, 0x00000000d3d00000, 0x00000000eab00000)
  object space 324608K, 93% used [0x00000000c0000000,0x00000000d2834640,0x00000000d3d00000)
 Metaspace       used 81532K, committed 82816K, reserved 1179648K
  class space    used 8526K, committed 9088K, reserved 1048576K
}
Event: 176.807 GC heap before
{Heap before GC invocations=317 (full 9):
 PSYoungGen      total 2560K, used 2533K [0x00000000eab00000, 0x00000000eb100000, 0x0000000100000000)
  eden space 2048K, 100% used [0x00000000eab00000,0x00000000ead00000,0x00000000ead00000)
  from space 512K, 94% used [0x00000000eae00000,0x00000000eae797a0,0x00000000eae80000)
  to   space 2048K, 0% used [0x00000000eaf00000,0x00000000eaf00000,0x00000000eb100000)
 ParOldGen       total 324608K, used 303313K [0x00000000c0000000, 0x00000000d3d00000, 0x00000000eab00000)
  object space 324608K, 93% used [0x00000000c0000000,0x00000000d2834640,0x00000000d3d00000)
 Metaspace       used 81532K, committed 82816K, reserved 1179648K
  class space    used 8526K, committed 9088K, reserved 1048576K
}
Event: 176.808 GC heap after
{Heap after GC invocations=317 (full 9):
 PSYoungGen      total 3072K, used 2021K [0x00000000eab00000, 0x00000000eb300000, 0x0000000100000000)
  eden space 1024K, 0% used [0x00000000eab00000,0x00000000eab00000,0x00000000eac00000)
  from space 2048K, 98% used [0x00000000eaf00000,0x00000000eb0f97a0,0x00000000eb100000)
  to   space 3072K, 0% used [0x00000000eac00000,0x00000000eac00000,0x00000000eaf00000)
 ParOldGen       total 324608K, used 303801K [0x00000000c0000000, 0x00000000d3d00000, 0x00000000eab00000)
  object space 324608K, 93% used [0x00000000c0000000,0x00000000d28ae640,0x00000000d3d00000)
 Metaspace       used 81532K, committed 82816K, reserved 1179648K
  class space    used 8526K, committed 9088K, reserved 1048576K
}
Event: 176.810 GC heap before
{Heap before GC invocations=318 (full 9):
 PSYoungGen      total 3072K, used 3045K [0x00000000eab00000, 0x00000000eb300000, 0x0000000100000000)
  eden space 1024K, 99% used [0x00000000eab00000,0x00000000eabfff98,0x00000000eac00000)
  from space 2048K, 98% used [0x00000000eaf00000,0x00000000eb0f97a0,0x00000000eb100000)
  to   space 3072K, 0% used [0x00000000eac00000,0x00000000eac00000,0x00000000eaf00000)
 ParOldGen       total 324608K, used 303801K [0x00000000c0000000, 0x00000000d3d00000, 0x00000000eab00000)
  object space 324608K, 93% used [0x00000000c0000000,0x00000000d28ae640,0x00000000d3d00000)
 Metaspace       used 81532K, committed 82816K, reserved 1179648K
  class space    used 8526K, committed 9088K, reserved 1048576K
}
Event: 176.812 GC heap after
{Heap after GC invocations=318 (full 9):
 PSYoungGen      total 2560K, used 1088K [0x00000000eab00000, 0x00000000eb080000, 0x0000000100000000)
  eden space 1024K, 0% used [0x00000000eab00000,0x00000000eab00000,0x00000000eac00000)
  from space 1536K, 70% used [0x00000000eac00000,0x00000000ead10000,0x00000000ead80000)
  to   space 2048K, 0% used [0x00000000eae80000,0x00000000eae80000,0x00000000eb080000)
 ParOldGen       total 324608K, used 305855K [0x00000000c0000000, 0x00000000d3d00000, 0x00000000eab00000)
  object space 324608K, 94% used [0x00000000c0000000,0x00000000d2aafde0,0x00000000d3d00000)
 Metaspace       used 81532K, committed 82816K, reserved 1179648K
  class space    used 8526K, committed 9088K, reserved 1048576K
}
Event: 176.814 GC heap before
{Heap before GC invocations=319 (full 9):
 PSYoungGen      total 2560K, used 2112K [0x00000000eab00000, 0x00000000eb080000, 0x0000000100000000)
  eden space 1024K, 100% used [0x00000000eab00000,0x00000000eac00000,0x00000000eac00000)
  from space 1536K, 70% used [0x00000000eac00000,0x00000000ead10000,0x00000000ead80000)
  to   space 2048K, 0% used [0x00000000eae80000,0x00000000eae80000,0x00000000eb080000)
 ParOldGen       total 324608K, used 305855K [0x00000000c0000000, 0x00000000d3d00000, 0x00000000eab00000)
  object space 324608K, 94% used [0x00000000c0000000,0x00000000d2aafde0,0x00000000d3d00000)
 Metaspace       used 81532K, committed 82816K, reserved 1179648K
  class space    used 8526K, committed 9088K, reserved 1048576K
}

