# JRE version: OpenJDK Runtime Environment Temurin-17.0.9+9 (17.0.9+9) (build 17.0.9+9)
# Java VM: OpenJDK 64-Bit Server VM Temurin-17.0.9+9 (17.0.9+9, mixed mode, tiered, compressed oops, compressed class ptrs, parallel gc, windows-amd64)
GC Precious Log:
 CPUs: 6 total, 6 available
 Memory: 16055M
 Large Page Support: Disabled
 NUMA Support: Disabled
 Compressed Oops: Enabled (32-bit)
 Alignments: Space 512K, Generation 512K, Heap 2M
 Heap Min Capacity: 100M
 Heap Initial Capacity: 100M
 Heap Max Capacity: 1G
 Pre-touch: Disabled
 Parallel Workers: 6
Heap:
 PSYoungGen      total 3584K, used 3423K [0x00000000eab00000, 0x00000000eb080000, 0x0000000100000000)
  eden space 2048K, 99% used [0x00000000eab00000,0x00000000eacffff8,0x00000000ead00000)
  from space 1536K, 89% used [0x00000000eaf00000,0x00000000eb058000,0x00000000eb080000)
  to   space 1536K, 67% used [0x00000000ead80000,0x00000000eae84010,0x00000000eaf00000)
 ParOldGen       total 309248K, used 283721K [0x00000000c0000000, 0x00000000d2e00000, 0x00000000eab00000)
  object space 309248K, 91% used [0x00000000c0000000,0x00000000d1512738,0x00000000d2e00000)
 Metaspace       used 91594K, committed 92992K, reserved 1179648K
  class space    used 9427K, committed 10112K, reserved 1048576K
GC Heap History (20 events):
Event: 605.375 GC heap after
{Heap after GC invocations=881 (full 14):
 PSYoungGen      total 3584K, used 816K [0x00000000eab00000, 0x00000000eaf80000, 0x0000000100000000)
  eden space 2560K, 0% used [0x00000000eab00000,0x00000000eab00000,0x00000000ead80000)
  from space 1024K, 79% used [0x00000000eae00000,0x00000000eaecc010,0x00000000eaf00000)
  to   space 512K, 0% used [0x00000000eaf00000,0x00000000eaf00000,0x00000000eaf80000)
 ParOldGen       total 309248K, used 273357K [0x00000000c0000000, 0x00000000d2e00000, 0x00000000eab00000)
  object space 309248K, 88% used [0x00000000c0000000,0x00000000d0af37b8,0x00000000d2e00000)
 Metaspace       used 91584K, committed 92992K, reserved 1179648K
  class space    used 9427K, committed 10112K, reserved 1048576K
}
Event: 605.467 GC heap before
{Heap before GC invocations=882 (full 14):
 PSYoungGen      total 3584K, used 3376K [0x00000000eab00000, 0x00000000eaf80000, 0x0000000100000000)
  eden space 2560K, 100% used [0x00000000eab00000,0x00000000ead80000,0x00000000ead80000)
  from space 1024K, 79% used [0x00000000eae00000,0x00000000eaecc010,0x00000000eaf00000)
  to   space 512K, 0% used [0x00000000eaf00000,0x00000000eaf00000,0x00000000eaf80000)
 ParOldGen       total 309248K, used 273357K [0x00000000c0000000, 0x00000000d2e00000, 0x00000000eab00000)
  object space 309248K, 88% used [0x00000000c0000000,0x00000000d0af37b8,0x00000000d2e00000)
 Metaspace       used 91584K, committed 92992K, reserved 1179648K
  class space    used 9427K, committed 10112K, reserved 1048576K
}
Event: 605.468 GC heap after
{Heap after GC invocations=882 (full 14):
 PSYoungGen      total 3072K, used 160K [0x00000000eab00000, 0x00000000eaf80000, 0x0000000100000000)
  eden space 2560K, 0% used [0x00000000eab00000,0x00000000eab00000,0x00000000ead80000)
  from space 512K, 31% used [0x00000000eaf00000,0x00000000eaf28000,0x00000000eaf80000)
  to   space 512K, 0% used [0x00000000eae80000,0x00000000eae80000,0x00000000eaf00000)
 ParOldGen       total 309248K, used 274069K [0x00000000c0000000, 0x00000000d2e00000, 0x00000000eab00000)
  object space 309248K, 88% used [0x00000000c0000000,0x00000000d0ba56a8,0x00000000d2e00000)
 Metaspace       used 91584K, committed 92992K, reserved 1179648K
  class space    used 9427K, committed 10112K, reserved 1048576K
}
Event: 605.474 GC heap before
{Heap before GC invocations=883 (full 14):
 PSYoungGen      total 3072K, used 2720K [0x00000000eab00000, 0x00000000eaf80000, 0x0000000100000000)
  eden space 2560K, 100% used [0x00000000eab00000,0x00000000ead80000,0x00000000ead80000)
  from space 512K, 31% used [0x00000000eaf00000,0x00000000eaf28000,0x00000000eaf80000)
  to   space 512K, 0% used [0x00000000eae80000,0x00000000eae80000,0x00000000eaf00000)
 ParOldGen       total 309248K, used 274069K [0x00000000c0000000, 0x00000000d2e00000, 0x00000000eab00000)
  object space 309248K, 88% used [0x00000000c0000000,0x00000000d0ba56a8,0x00000000d2e00000)
 Metaspace       used 91585K, committed 92992K, reserved 1179648K
  class space    used 9427K, committed 10112K, reserved 1048576K
}
Event: 605.474 GC heap after
{Heap after GC invocations=883 (full 14):
 PSYoungGen      total 3072K, used 224K [0x00000000eab00000, 0x00000000eaf80000, 0x0000000100000000)
  eden space 2560K, 0% used [0x00000000eab00000,0x00000000eab00000,0x00000000ead80000)
  from space 512K, 43% used [0x00000000eae80000,0x00000000eaeb8000,0x00000000eaf00000)
  to   space 512K, 0% used [0x00000000eaf00000,0x00000000eaf00000,0x00000000eaf80000)
 ParOldGen       total 309248K, used 274069K [0x00000000c0000000, 0x00000000d2e00000, 0x00000000eab00000)
  object space 309248K, 88% used [0x00000000c0000000,0x00000000d0ba56a8,0x00000000d2e00000)
 Metaspace       used 91585K, committed 92992K, reserved 1179648K
  class space    used 9427K, committed 10112K, reserved 1048576K
}
Event: 605.642 GC heap before
{Heap before GC invocations=884 (full 14):
 PSYoungGen      total 3072K, used 2779K [0x00000000eab00000, 0x00000000eaf80000, 0x0000000100000000)
  eden space 2560K, 99% used [0x00000000eab00000,0x00000000ead7ef80,0x00000000ead80000)
  from space 512K, 43% used [0x00000000eae80000,0x00000000eaeb8000,0x00000000eaf00000)
  to   space 512K, 0% used [0x00000000eaf00000,0x00000000eaf00000,0x00000000eaf80000)
 ParOldGen       total 309248K, used 274069K [0x00000000c0000000, 0x00000000d2e00000, 0x00000000eab00000)
  object space 309248K, 88% used [0x00000000c0000000,0x00000000d0ba56a8,0x00000000d2e00000)
 Metaspace       used 91590K, committed 92992K, reserved 1179648K
  class space    used 9427K, committed 10112K, reserved 1048576K
}
Event: 605.643 GC heap after
{Heap after GC invocations=884 (full 14):
 PSYoungGen      total 3072K, used 192K [0x00000000eab00000, 0x00000000eaf80000, 0x0000000100000000)
  eden space 2560K, 0% used [0x00000000eab00000,0x00000000eab00000,0x00000000ead80000)
  from space 512K, 37% used [0x00000000eaf00000,0x00000000eaf30000,0x00000000eaf80000)
  to   space 512K, 0% used [0x00000000eae80000,0x00000000eae80000,0x00000000eaf00000)
 ParOldGen       total 309248K, used 274077K [0x00000000c0000000, 0x00000000d2e00000, 0x00000000eab00000)
  object space 309248K, 88% used [0x00000000c0000000,0x00000000d0ba76a8,0x00000000d2e00000)
 Metaspace       used 91590K, committed 92992K, reserved 1179648K
  class space    used 9427K, committed 10112K, reserved 1048576K
}
Event: 605.657 GC heap before
{Heap before GC invocations=885 (full 14):
 PSYoungGen      total 3072K, used 2752K [0x00000000eab00000, 0x00000000eaf80000, 0x0000000100000000)
  eden space 2560K, 100% used [0x00000000eab00000,0x00000000ead80000,0x00000000ead80000)
  from space 512K, 37% used [0x00000000eaf00000,0x00000000eaf30000,0x00000000eaf80000)
  to   space 512K, 0% used [0x00000000eae80000,0x00000000eae80000,0x00000000eaf00000)
 ParOldGen       total 309248K, used 274077K [0x00000000c0000000, 0x00000000d2e00000, 0x00000000eab00000)
  object space 309248K, 88% used [0x00000000c0000000,0x00000000d0ba76a8,0x00000000d2e00000)
 Metaspace       used 91594K, committed 92992K, reserved 1179648K
  class space    used 9427K, committed 10112K, reserved 1048576K
}
Event: 605.659 GC heap after
{Heap after GC invocations=885 (full 14):
 PSYoungGen      total 3072K, used 485K [0x00000000eab00000, 0x00000000eb280000, 0x0000000100000000)
  eden space 2560K, 0% used [0x00000000eab00000,0x00000000eab00000,0x00000000ead80000)
  from space 512K, 94% used [0x00000000eae80000,0x00000000eaef97e0,0x00000000eaf00000)
  to   space 2560K, 0% used [0x00000000eb000000,0x00000000eb000000,0x00000000eb280000)
 ParOldGen       total 309248K, used 275563K [0x00000000c0000000, 0x00000000d2e00000, 0x00000000eab00000)
  object space 309248K, 89% used [0x00000000c0000000,0x00000000d0d1ae88,0x00000000d2e00000)
 Metaspace       used 91594K, committed 92992K, reserved 1179648K
  class space    used 9427K, committed 10112K, reserved 1048576K
}
Event: 605.663 GC heap before
{Heap before GC invocations=886 (full 14):
 PSYoungGen      total 3072K, used 3045K [0x00000000eab00000, 0x00000000eb280000, 0x0000000100000000)
  eden space 2560K, 100% used [0x00000000eab00000,0x00000000ead80000,0x00000000ead80000)
  from space 512K, 94% used [0x00000000eae80000,0x00000000eaef97e0,0x00000000eaf00000)
  to   space 2560K, 0% used [0x00000000eb000000,0x00000000eb000000,0x00000000eb280000)
 ParOldGen       total 309248K, used 275563K [0x00000000c0000000, 0x00000000d2e00000, 0x00000000eab00000)
  object space 309248K, 89% used [0x00000000c0000000,0x00000000d0d1ae88,0x00000000d2e00000)
 Metaspace       used 91594K, committed 92992K, reserved 1179648K
  class space    used 9427K, committed 10112K, reserved 1048576K
}
Event: 605.665 GC heap after
{Heap after GC invocations=886 (full 14):
 PSYoungGen      total 4096K, used 2560K [0x00000000eab00000, 0x00000000eb480000, 0x0000000100000000)
  eden space 1536K, 0% used [0x00000000eab00000,0x00000000eab00000,0x00000000eac80000)
  from space 2560K, 100% used [0x00000000eb000000,0x00000000eb280000,0x00000000eb280000)
  to   space 3584K, 0% used [0x00000000eac80000,0x00000000eac80000,0x00000000eb000000)
 ParOldGen       total 309248K, used 276089K [0x00000000c0000000, 0x00000000d2e00000, 0x00000000eab00000)
  object space 309248K, 89% used [0x00000000c0000000,0x00000000d0d9e668,0x00000000d2e00000)
 Metaspace       used 91594K, committed 92992K, reserved 1179648K
  class space    used 9427K, committed 10112K, reserved 1048576K
}
Event: 605.670 GC heap before
{Heap before GC invocations=887 (full 14):
 PSYoungGen      total 4096K, used 4095K [0x00000000eab00000, 0x00000000eb480000, 0x0000000100000000)
  eden space 1536K, 99% used [0x00000000eab00000,0x00000000eac7fff0,0x00000000eac80000)
  from space 2560K, 100% used [0x00000000eb000000,0x00000000eb280000,0x00000000eb280000)
  to   space 3584K, 0% used [0x00000000eac80000,0x00000000eac80000,0x00000000eb000000)
 ParOldGen       total 309248K, used 276089K [0x00000000c0000000, 0x00000000d2e00000, 0x00000000eab00000)
  object space 309248K, 89% used [0x00000000c0000000,0x00000000d0d9e668,0x00000000d2e00000)
 Metaspace       used 91594K, committed 92992K, reserved 1179648K
  class space    used 9427K, committed 10112K, reserved 1048576K
}
Event: 605.674 GC heap after
{Heap after GC invocations=887 (full 14):
 PSYoungGen      total 3072K, used 1300K [0x00000000eab00000, 0x00000000eb080000, 0x0000000100000000)
  eden space 1536K, 0% used [0x00000000eab00000,0x00000000eab00000,0x00000000eac80000)
  from space 1536K, 84% used [0x00000000eac80000,0x00000000eadc5000,0x00000000eae00000)
  to   space 2048K, 0% used [0x00000000eae80000,0x00000000eae80000,0x00000000eb080000)
 ParOldGen       total 309248K, used 278625K [0x00000000c0000000, 0x00000000d2e00000, 0x00000000eab00000)
  object space 309248K, 90% used [0x00000000c0000000,0x00000000d1018668,0x00000000d2e00000)
 Metaspace       used 91594K, committed 92992K, reserved 1179648K
  class space    used 9427K, committed 10112K, reserved 1048576K
}
Event: 605.690 GC heap before
{Heap before GC invocations=888 (full 14):
 PSYoungGen      total 3072K, used 2836K [0x00000000eab00000, 0x00000000eb080000, 0x0000000100000000)
  eden space 1536K, 100% used [0x00000000eab00000,0x00000000eac80000,0x00000000eac80000)
  from space 1536K, 84% used [0x00000000eac80000,0x00000000eadc5000,0x00000000eae00000)
  to   space 2048K, 0% used [0x00000000eae80000,0x00000000eae80000,0x00000000eb080000)
 ParOldGen       total 309248K, used 278625K [0x00000000c0000000, 0x00000000d2e00000, 0x00000000eab00000)
  object space 309248K, 90% used [0x00000000c0000000,0x00000000d1018668,0x00000000d2e00000)
 Metaspace       used 91594K, committed 92992K, reserved 1179648K
  class space    used 9427K, committed 10112K, reserved 1048576K
}
Event: 605.691 GC heap after
{Heap after GC invocations=888 (full 14):
 PSYoungGen      total 3584K, used 1632K [0x00000000eab00000, 0x00000000eb080000, 0x0000000100000000)
  eden space 1536K, 0% used [0x00000000eab00000,0x00000000eab00000,0x00000000eac80000)
  from space 2048K, 79% used [0x00000000eae80000,0x00000000eb0180d0,0x00000000eb080000)
  to   space 2048K, 0% used [0x00000000eac80000,0x00000000eac80000,0x00000000eae80000)
 ParOldGen       total 309248K, used 279553K [0x00000000c0000000, 0x00000000d2e00000, 0x00000000eab00000)
  object space 309248K, 90% used [0x00000000c0000000,0x00000000d1100668,0x00000000d2e00000)
 Metaspace       used 91594K, committed 92992K, reserved 1179648K
  class space    used 9427K, committed 10112K, reserved 1048576K
}
Event: 605.694 GC heap before
{Heap before GC invocations=889 (full 14):
 PSYoungGen      total 3584K, used 3168K [0x00000000eab00000, 0x00000000eb080000, 0x0000000100000000)
  eden space 1536K, 100% used [0x00000000eab00000,0x00000000eac80000,0x00000000eac80000)
  from space 2048K, 79% used [0x00000000eae80000,0x00000000eb0180d0,0x00000000eb080000)
  to   space 2048K, 0% used [0x00000000eac80000,0x00000000eac80000,0x00000000eae80000)
 ParOldGen       total 309248K, used 279553K [0x00000000c0000000, 0x00000000d2e00000, 0x00000000eab00000)
  object space 309248K, 90% used [0x00000000c0000000,0x00000000d1100668,0x00000000d2e00000)
 Metaspace       used 91594K, committed 92992K, reserved 1179648K
  class space    used 9427K, committed 10112K, reserved 1048576K
}
Event: 605.695 GC heap after
{Heap after GC invocations=889 (full 14):
 PSYoungGen      total 3584K, used 1600K [0x00000000eab00000, 0x00000000eb100000, 0x0000000100000000)
  eden space 1536K, 0% used [0x00000000eab00000,0x00000000eab00000,0x00000000eac80000)
  from space 2048K, 78% used [0x00000000eac80000,0x00000000eae10000,0x00000000eae80000)
  to   space 2048K, 0% used [0x00000000eaf00000,0x00000000eaf00000,0x00000000eb100000)
 ParOldGen       total 309248K, used 281097K [0x00000000c0000000, 0x00000000d2e00000, 0x00000000eab00000)
  object space 309248K, 90% used [0x00000000c0000000,0x00000000d1282738,0x00000000d2e00000)
 Metaspace       used 91594K, committed 92992K, reserved 1179648K
  class space    used 9427K, committed 10112K, reserved 1048576K
}
Event: 605.699 GC heap before
{Heap before GC invocations=890 (full 14):
 PSYoungGen      total 3584K, used 3136K [0x00000000eab00000, 0x00000000eb100000, 0x0000000100000000)
  eden space 1536K, 100% used [0x00000000eab00000,0x00000000eac80000,0x00000000eac80000)
  from space 2048K, 78% used [0x00000000eac80000,0x00000000eae10000,0x00000000eae80000)
  to   space 2048K, 0% used [0x00000000eaf00000,0x00000000eaf00000,0x00000000eb100000)
 ParOldGen       total 309248K, used 281097K [0x00000000c0000000, 0x00000000d2e00000, 0x00000000eab00000)
  object space 309248K, 90% used [0x00000000c0000000,0x00000000d1282738,0x00000000d2e00000)
 Metaspace       used 91594K, committed 92992K, reserved 1179648K
  class space    used 9427K, committed 10112K, reserved 1048576K
}
Event: 605.701 GC heap after
{Heap after GC invocations=890 (full 14):
 PSYoungGen      total 3584K, used 1376K [0x00000000eab00000, 0x00000000eb080000, 0x0000000100000000)
  eden space 2048K, 0% used [0x00000000eab00000,0x00000000eab00000,0x00000000ead00000)
  from space 1536K, 89% used [0x00000000eaf00000,0x00000000eb058000,0x00000000eb080000)
  to   space 1536K, 0% used [0x00000000ead80000,0x00000000ead80000,0x00000000eaf00000)
 ParOldGen       total 309248K, used 282633K [0x00000000c0000000, 0x00000000d2e00000, 0x00000000eab00000)
  object space 309248K, 91% used [0x00000000c0000000,0x00000000d1402738,0x00000000d2e00000)
 Metaspace       used 91594K, committed 92992K, reserved 1179648K
  class space    used 9427K, committed 10112K, reserved 1048576K
}
Event: 605.996 GC heap before
{Heap before GC invocations=891 (full 14):
 PSYoungGen      total 3584K, used 3423K [0x00000000eab00000, 0x00000000eb080000, 0x0000000100000000)
  eden space 2048K, 99% used [0x00000000eab00000,0x00000000eacffff8,0x00000000ead00000)
  from space 1536K, 89% used [0x00000000eaf00000,0x00000000eb058000,0x00000000eb080000)
  to   space 1536K, 0% used [0x00000000ead80000,0x00000000ead80000,0x00000000eaf00000)
 ParOldGen       total 309248K, used 282633K [0x00000000c0000000, 0x00000000d2e00000, 0x00000000eab00000)
  object space 309248K, 91% used [0x00000000c0000000,0x00000000d1402738,0x00000000d2e00000)
 Metaspace       used 91594K, committed 92992K, reserved 1179648K
  class space    used 9427K, committed 10112K, reserved 1048576K
}

