# JRE version: OpenJDK Runtime Environment Temurin-17.0.9+9 (17.0.9+9) (build 17.0.9+9)
# Java VM: OpenJDK 64-Bit Server VM Temurin-17.0.9+9 (17.0.9+9, mixed mode, tiered, compressed oops, compressed class ptrs, parallel gc, windows-amd64)
GC Precious Log:
 CPUs: 6 total, 6 available
 Memory: 16055M
 Large Page Support: Disabled
 NUMA Support: Disabled
 Compressed Oops: Enabled (32-bit)
 Alignments: Space 512K, Generation 512K, Heap 2M
 Heap Min Capacity: 100M
 Heap Initial Capacity: 100M
 Heap Max Capacity: 1G
 Pre-touch: Disabled
 Parallel Workers: 6
Heap:
 PSYoungGen      total 2048K, used 1568K [0x00000000eab00000, 0x00000000eae00000, 0x0000000100000000)
  eden space 1024K, 100% used [0x00000000eab00000,0x00000000eac00000,0x00000000eac00000)
  from space 1024K, 53% used [0x00000000ead00000,0x00000000ead88000,0x00000000eae00000)
  to   space 1024K, 96% used [0x00000000eac00000,0x00000000eacf8000,0x00000000ead00000)
 ParOldGen       total 67584K, used 63036K [0x00000000c0000000, 0x00000000c4200000, 0x00000000eab00000)
  object space 67584K, 93% used [0x00000000c0000000,0x00000000c3d8f1c8,0x00000000c4200000)
 Metaspace       used 80938K, committed 82112K, reserved 1179648K
  class space    used 8274K, committed 8832K, reserved 1048576K
GC Heap History (20 events):
Event: 176.291 GC heap after
{Heap after GC invocations=990 (full 24):
 PSYoungGen      total 3072K, used 432K [0x00000000eab00000, 0x00000000eae80000, 0x0000000100000000)
  eden space 2048K, 0% used [0x00000000eab00000,0x00000000eab00000,0x00000000ead00000)
  from space 1024K, 42% used [0x00000000ead00000,0x00000000ead6c030,0x00000000eae00000)
  to   space 512K, 0% used [0x00000000eae00000,0x00000000eae00000,0x00000000eae80000)
 ParOldGen       total 67584K, used 59009K [0x00000000c0000000, 0x00000000c4200000, 0x00000000eab00000)
  object space 67584K, 87% used [0x00000000c0000000,0x00000000c39a05f8,0x00000000c4200000)
 Metaspace       used 80929K, committed 82112K, reserved 1179648K
  class space    used 8274K, committed 8832K, reserved 1048576K
}
Event: 176.330 GC heap before
{Heap before GC invocations=991 (full 24):
 PSYoungGen      total 3072K, used 2480K [0x00000000eab00000, 0x00000000eae80000, 0x0000000100000000)
  eden space 2048K, 99% used [0x00000000eab00000,0x00000000eacfffd0,0x00000000ead00000)
  from space 1024K, 42% used [0x00000000ead00000,0x00000000ead6c030,0x00000000eae00000)
  to   space 512K, 0% used [0x00000000eae00000,0x00000000eae00000,0x00000000eae80000)
 ParOldGen       total 67584K, used 59009K [0x00000000c0000000, 0x00000000c4200000, 0x00000000eab00000)
  object space 67584K, 87% used [0x00000000c0000000,0x00000000c39a05f8,0x00000000c4200000)
 Metaspace       used 80932K, committed 82112K, reserved 1179648K
  class space    used 8274K, committed 8832K, reserved 1048576K
}
Event: 176.331 GC heap after
{Heap after GC invocations=991 (full 24):
 PSYoungGen      total 2560K, used 160K [0x00000000eab00000, 0x00000000eae80000, 0x0000000100000000)
  eden space 2048K, 0% used [0x00000000eab00000,0x00000000eab00000,0x00000000ead00000)
  from space 512K, 31% used [0x00000000eae00000,0x00000000eae28000,0x00000000eae80000)
  to   space 512K, 0% used [0x00000000ead80000,0x00000000ead80000,0x00000000eae00000)
 ParOldGen       total 67584K, used 59089K [0x00000000c0000000, 0x00000000c4200000, 0x00000000eab00000)
  object space 67584K, 87% used [0x00000000c0000000,0x00000000c39b4618,0x00000000c4200000)
 Metaspace       used 80932K, committed 82112K, reserved 1179648K
  class space    used 8274K, committed 8832K, reserved 1048576K
}
Event: 176.867 GC heap before
{Heap before GC invocations=992 (full 24):
 PSYoungGen      total 2560K, used 2208K [0x00000000eab00000, 0x00000000eae80000, 0x0000000100000000)
  eden space 2048K, 100% used [0x00000000eab00000,0x00000000ead00000,0x00000000ead00000)
  from space 512K, 31% used [0x00000000eae00000,0x00000000eae28000,0x00000000eae80000)
  to   space 512K, 0% used [0x00000000ead80000,0x00000000ead80000,0x00000000eae00000)
 ParOldGen       total 67584K, used 59089K [0x00000000c0000000, 0x00000000c4200000, 0x00000000eab00000)
  object space 67584K, 87% used [0x00000000c0000000,0x00000000c39b4618,0x00000000c4200000)
 Metaspace       used 80932K, committed 82112K, reserved 1179648K
  class space    used 8274K, committed 8832K, reserved 1048576K
}
Event: 176.867 GC heap after
{Heap after GC invocations=992 (full 24):
 PSYoungGen      total 2560K, used 160K [0x00000000eab00000, 0x00000000eae80000, 0x0000000100000000)
  eden space 2048K, 0% used [0x00000000eab00000,0x00000000eab00000,0x00000000ead00000)
  from space 512K, 31% used [0x00000000ead80000,0x00000000eada8000,0x00000000eae00000)
  to   space 512K, 0% used [0x00000000eae00000,0x00000000eae00000,0x00000000eae80000)
 ParOldGen       total 67584K, used 59105K [0x00000000c0000000, 0x00000000c4200000, 0x00000000eab00000)
  object space 67584K, 87% used [0x00000000c0000000,0x00000000c39b8618,0x00000000c4200000)
 Metaspace       used 80932K, committed 82112K, reserved 1179648K
  class space    used 8274K, committed 8832K, reserved 1048576K
}
Event: 176.928 GC heap before
{Heap before GC invocations=993 (full 24):
 PSYoungGen      total 2560K, used 2208K [0x00000000eab00000, 0x00000000eae80000, 0x0000000100000000)
  eden space 2048K, 100% used [0x00000000eab00000,0x00000000ead00000,0x00000000ead00000)
  from space 512K, 31% used [0x00000000ead80000,0x00000000eada8000,0x00000000eae00000)
  to   space 512K, 0% used [0x00000000eae00000,0x00000000eae00000,0x00000000eae80000)
 ParOldGen       total 67584K, used 59105K [0x00000000c0000000, 0x00000000c4200000, 0x00000000eab00000)
  object space 67584K, 87% used [0x00000000c0000000,0x00000000c39b8618,0x00000000c4200000)
 Metaspace       used 80932K, committed 82112K, reserved 1179648K
  class space    used 8274K, committed 8832K, reserved 1048576K
}
Event: 176.928 GC heap after
{Heap after GC invocations=993 (full 24):
 PSYoungGen      total 2560K, used 480K [0x00000000eab00000, 0x00000000eaf00000, 0x0000000100000000)
  eden space 2048K, 0% used [0x00000000eab00000,0x00000000eab00000,0x00000000ead00000)
  from space 512K, 93% used [0x00000000eae00000,0x00000000eae78020,0x00000000eae80000)
  to   space 1024K, 0% used [0x00000000ead00000,0x00000000ead00000,0x00000000eae00000)
 ParOldGen       total 67584K, used 59329K [0x00000000c0000000, 0x00000000c4200000, 0x00000000eab00000)
  object space 67584K, 87% used [0x00000000c0000000,0x00000000c39f0618,0x00000000c4200000)
 Metaspace       used 80932K, committed 82112K, reserved 1179648K
  class space    used 8274K, committed 8832K, reserved 1048576K
}
Event: 176.931 GC heap before
{Heap before GC invocations=994 (full 24):
 PSYoungGen      total 2560K, used 2528K [0x00000000eab00000, 0x00000000eaf00000, 0x0000000100000000)
  eden space 2048K, 100% used [0x00000000eab00000,0x00000000ead00000,0x00000000ead00000)
  from space 512K, 93% used [0x00000000eae00000,0x00000000eae78020,0x00000000eae80000)
  to   space 1024K, 0% used [0x00000000ead00000,0x00000000ead00000,0x00000000eae00000)
 ParOldGen       total 67584K, used 59329K [0x00000000c0000000, 0x00000000c4200000, 0x00000000eab00000)
  object space 67584K, 87% used [0x00000000c0000000,0x00000000c39f0618,0x00000000c4200000)
 Metaspace       used 80932K, committed 82112K, reserved 1179648K
  class space    used 8274K, committed 8832K, reserved 1048576K
}
Event: 176.932 GC heap after
{Heap after GC invocations=994 (full 24):
 PSYoungGen      total 3072K, used 544K [0x00000000eab00000, 0x00000000eaf00000, 0x0000000100000000)
  eden space 2048K, 0% used [0x00000000eab00000,0x00000000eab00000,0x00000000ead00000)
  from space 1024K, 53% used [0x00000000ead00000,0x00000000ead88000,0x00000000eae00000)
  to   space 1024K, 0% used [0x00000000eae00000,0x00000000eae00000,0x00000000eaf00000)
 ParOldGen       total 67584K, used 59790K [0x00000000c0000000, 0x00000000c4200000, 0x00000000eab00000)
  object space 67584K, 88% used [0x00000000c0000000,0x00000000c3a63ad8,0x00000000c4200000)
 Metaspace       used 80932K, committed 82112K, reserved 1179648K
  class space    used 8274K, committed 8832K, reserved 1048576K
}
Event: 176.975 GC heap before
{Heap before GC invocations=995 (full 24):
 PSYoungGen      total 3072K, used 2592K [0x00000000eab00000, 0x00000000eaf00000, 0x0000000100000000)
  eden space 2048K, 100% used [0x00000000eab00000,0x00000000ead00000,0x00000000ead00000)
  from space 1024K, 53% used [0x00000000ead00000,0x00000000ead88000,0x00000000eae00000)
  to   space 1024K, 0% used [0x00000000eae00000,0x00000000eae00000,0x00000000eaf00000)
 ParOldGen       total 67584K, used 59790K [0x00000000c0000000, 0x00000000c4200000, 0x00000000eab00000)
  object space 67584K, 88% used [0x00000000c0000000,0x00000000c3a63ad8,0x00000000c4200000)
 Metaspace       used 80932K, committed 82112K, reserved 1179648K
  class space    used 8274K, committed 8832K, reserved 1048576K
}
Event: 176.975 GC heap after
{Heap after GC invocations=995 (full 24):
 PSYoungGen      total 2560K, used 304K [0x00000000eab00000, 0x00000000eae80000, 0x0000000100000000)
  eden space 2048K, 0% used [0x00000000eab00000,0x00000000eab00000,0x00000000ead00000)
  from space 512K, 59% used [0x00000000eae00000,0x00000000eae4c010,0x00000000eae80000)
  to   space 512K, 0% used [0x00000000ead80000,0x00000000ead80000,0x00000000eae00000)
 ParOldGen       total 67584K, used 59822K [0x00000000c0000000, 0x00000000c4200000, 0x00000000eab00000)
  object space 67584K, 88% used [0x00000000c0000000,0x00000000c3a6bad8,0x00000000c4200000)
 Metaspace       used 80932K, committed 82112K, reserved 1179648K
  class space    used 8274K, committed 8832K, reserved 1048576K
}
Event: 177.546 GC heap before
{Heap before GC invocations=996 (full 24):
 PSYoungGen      total 2560K, used 2352K [0x00000000eab00000, 0x00000000eae80000, 0x0000000100000000)
  eden space 2048K, 100% used [0x00000000eab00000,0x00000000ead00000,0x00000000ead00000)
  from space 512K, 59% used [0x00000000eae00000,0x00000000eae4c010,0x00000000eae80000)
  to   space 512K, 0% used [0x00000000ead80000,0x00000000ead80000,0x00000000eae00000)
 ParOldGen       total 67584K, used 59822K [0x00000000c0000000, 0x00000000c4200000, 0x00000000eab00000)
  object space 67584K, 88% used [0x00000000c0000000,0x00000000c3a6bad8,0x00000000c4200000)
 Metaspace       used 80932K, committed 82112K, reserved 1179648K
  class space    used 8274K, committed 8832K, reserved 1048576K
}
Event: 177.546 GC heap after
{Heap after GC invocations=996 (full 24):
 PSYoungGen      total 2560K, used 416K [0x00000000eab00000, 0x00000000eae80000, 0x0000000100000000)
  eden space 2048K, 0% used [0x00000000eab00000,0x00000000eab00000,0x00000000ead00000)
  from space 512K, 81% used [0x00000000ead80000,0x00000000eade8020,0x00000000eae00000)
  to   space 512K, 0% used [0x00000000eae00000,0x00000000eae00000,0x00000000eae80000)
 ParOldGen       total 67584K, used 59830K [0x00000000c0000000, 0x00000000c4200000, 0x00000000eab00000)
  object space 67584K, 88% used [0x00000000c0000000,0x00000000c3a6dad8,0x00000000c4200000)
 Metaspace       used 80932K, committed 82112K, reserved 1179648K
  class space    used 8274K, committed 8832K, reserved 1048576K
}
Event: 177.550 GC heap before
{Heap before GC invocations=997 (full 24):
 PSYoungGen      total 2560K, used 2464K [0x00000000eab00000, 0x00000000eae80000, 0x0000000100000000)
  eden space 2048K, 99% used [0x00000000eab00000,0x00000000eacfffe0,0x00000000ead00000)
  from space 512K, 81% used [0x00000000ead80000,0x00000000eade8020,0x00000000eae00000)
  to   space 512K, 0% used [0x00000000eae00000,0x00000000eae00000,0x00000000eae80000)
 ParOldGen       total 67584K, used 59830K [0x00000000c0000000, 0x00000000c4200000, 0x00000000eab00000)
  object space 67584K, 88% used [0x00000000c0000000,0x00000000c3a6dad8,0x00000000c4200000)
 Metaspace       used 80937K, committed 82112K, reserved 1179648K
  class space    used 8274K, committed 8832K, reserved 1048576K
}
Event: 177.551 GC heap after
{Heap after GC invocations=997 (full 24):
 PSYoungGen      total 1024K, used 480K [0x00000000eab00000, 0x00000000eb200000, 0x0000000100000000)
  eden space 512K, 0% used [0x00000000eab00000,0x00000000eab00000,0x00000000eab80000)
  from space 512K, 93% used [0x00000000eae00000,0x00000000eae78250,0x00000000eae80000)
  to   space 2560K, 0% used [0x00000000eab80000,0x00000000eab80000,0x00000000eae00000)
 ParOldGen       total 67584K, used 61539K [0x00000000c0000000, 0x00000000c4200000, 0x00000000eab00000)
  object space 67584K, 91% used [0x00000000c0000000,0x00000000c3c18f78,0x00000000c4200000)
 Metaspace       used 80937K, committed 82112K, reserved 1179648K
  class space    used 8274K, committed 8832K, reserved 1048576K
}
Event: 177.552 GC heap before
{Heap before GC invocations=998 (full 24):
 PSYoungGen      total 1024K, used 992K [0x00000000eab00000, 0x00000000eb200000, 0x0000000100000000)
  eden space 512K, 99% used [0x00000000eab00000,0x00000000eab7ffa8,0x00000000eab80000)
  from space 512K, 93% used [0x00000000eae00000,0x00000000eae78250,0x00000000eae80000)
  to   space 2560K, 0% used [0x00000000eab80000,0x00000000eab80000,0x00000000eae00000)
 ParOldGen       total 67584K, used 61539K [0x00000000c0000000, 0x00000000c4200000, 0x00000000eab00000)
  object space 67584K, 91% used [0x00000000c0000000,0x00000000c3c18f78,0x00000000c4200000)
 Metaspace       used 80937K, committed 82112K, reserved 1179648K
  class space    used 8274K, committed 8832K, reserved 1048576K
}
Event: 177.552 GC heap after
{Heap after GC invocations=998 (full 24):
 PSYoungGen      total 1536K, used 576K [0x00000000eab00000, 0x00000000eae80000, 0x0000000100000000)
  eden space 512K, 0% used [0x00000000eab00000,0x00000000eab00000,0x00000000eab80000)
  from space 1024K, 56% used [0x00000000eab80000,0x00000000eac10000,0x00000000eac80000)
  to   space 1536K, 0% used [0x00000000ead00000,0x00000000ead00000,0x00000000eae80000)
 ParOldGen       total 67584K, used 62044K [0x00000000c0000000, 0x00000000c4200000, 0x00000000eab00000)
  object space 67584K, 91% used [0x00000000c0000000,0x00000000c3c971c8,0x00000000c4200000)
 Metaspace       used 80937K, committed 82112K, reserved 1179648K
  class space    used 8274K, committed 8832K, reserved 1048576K
}
Event: 177.553 GC heap before
{Heap before GC invocations=999 (full 24):
 PSYoungGen      total 1536K, used 1087K [0x00000000eab00000, 0x00000000eae80000, 0x0000000100000000)
  eden space 512K, 99% used [0x00000000eab00000,0x00000000eab7ff70,0x00000000eab80000)
  from space 1024K, 56% used [0x00000000eab80000,0x00000000eac10000,0x00000000eac80000)
  to   space 1536K, 0% used [0x00000000ead00000,0x00000000ead00000,0x00000000eae80000)
 ParOldGen       total 67584K, used 62044K [0x00000000c0000000, 0x00000000c4200000, 0x00000000eab00000)
  object space 67584K, 91% used [0x00000000c0000000,0x00000000c3c971c8,0x00000000c4200000)
 Metaspace       used 80937K, committed 82112K, reserved 1179648K
  class space    used 8274K, committed 8832K, reserved 1048576K
}
Event: 177.554 GC heap after
{Heap after GC invocations=999 (full 24):
 PSYoungGen      total 2048K, used 544K [0x00000000eab00000, 0x00000000eae00000, 0x0000000100000000)
  eden space 1024K, 0% used [0x00000000eab00000,0x00000000eab00000,0x00000000eac00000)
  from space 1024K, 53% used [0x00000000ead00000,0x00000000ead88000,0x00000000eae00000)
  to   space 1024K, 0% used [0x00000000eac00000,0x00000000eac00000,0x00000000ead00000)
 ParOldGen       total 67584K, used 62540K [0x00000000c0000000, 0x00000000c4200000, 0x00000000eab00000)
  object space 67584K, 92% used [0x00000000c0000000,0x00000000c3d131c8,0x00000000c4200000)
 Metaspace       used 80937K, committed 82112K, reserved 1179648K
  class space    used 8274K, committed 8832K, reserved 1048576K
}
Event: 177.561 GC heap before
{Heap before GC invocations=1000 (full 24):
 PSYoungGen      total 2048K, used 1568K [0x00000000eab00000, 0x00000000eae00000, 0x0000000100000000)
  eden space 1024K, 100% used [0x00000000eab00000,0x00000000eac00000,0x00000000eac00000)
  from space 1024K, 53% used [0x00000000ead00000,0x00000000ead88000,0x00000000eae00000)
  to   space 1024K, 0% used [0x00000000eac00000,0x00000000eac00000,0x00000000ead00000)
 ParOldGen       total 67584K, used 62540K [0x00000000c0000000, 0x00000000c4200000, 0x00000000eab00000)
  object space 67584K, 92% used [0x00000000c0000000,0x00000000c3d131c8,0x00000000c4200000)
 Metaspace       used 80938K, committed 82112K, reserved 1179648K
  class space    used 8274K, committed 8832K, reserved 1048576K
}

