# JRE version: OpenJDK Runtime Environment Temurin-17.0.9+9 (17.0.9+9) (build 17.0.9+9)
# Java VM: OpenJDK 64-Bit Server VM Temurin-17.0.9+9 (17.0.9+9, mixed mode, tiered, compressed oops, compressed class ptrs, parallel gc, windows-amd64)
GC Precious Log:
 CPUs: 6 total, 6 available
 Memory: 16055M
 Large Page Support: Disabled
 NUMA Support: Disabled
 Compressed Oops: Enabled (32-bit)
 Alignments: Space 512K, Generation 512K, Heap 2M
 Heap Min Capacity: 100M
 Heap Initial Capacity: 100M
 Heap Max Capacity: 1G
 Pre-touch: Disabled
 Parallel Workers: 6
Heap:
 PSYoungGen      total 2560K, used 2388K [0x00000000eab00000, 0x00000000eaf80000, 0x0000000100000000)
  eden space 1536K, 100% used [0x00000000eab00000,0x00000000eac80000,0x00000000eac80000)
  from space 1024K, 83% used [0x00000000eae80000,0x00000000eaf55000,0x00000000eaf80000)
  to   space 1536K, 97% used [0x00000000eac80000,0x00000000eadf80d0,0x00000000eae00000)
 ParOldGen       total 187392K, used 165177K [0x00000000c0000000, 0x00000000cb700000, 0x00000000eab00000)
  object space 187392K, 88% used [0x00000000c0000000,0x00000000ca14e470,0x00000000cb700000)
 Metaspace       used 95539K, committed 96704K, reserved 1179648K
  class space    used 9208K, committed 9728K, reserved 1048576K
GC Heap History (20 events):
Event: 5396.114 GC heap after
{Heap after GC invocations=22945 (full 545):
 PSYoungGen      total 3584K, used 160K [0x00000000eab00000, 0x00000000eaf80000, 0x0000000100000000)
  eden space 2560K, 0% used [0x00000000eab00000,0x00000000eab00000,0x00000000ead80000)
  from space 1024K, 15% used [0x00000000eae00000,0x00000000eae28000,0x00000000eaf00000)
  to   space 512K, 0% used [0x00000000eaf00000,0x00000000eaf00000,0x00000000eaf80000)
 ParOldGen       total 187392K, used 158194K [0x00000000c0000000, 0x00000000cb700000, 0x00000000eab00000)
  object space 187392K, 84% used [0x00000000c0000000,0x00000000c9a7cb60,0x00000000cb700000)
 Metaspace       used 95539K, committed 96704K, reserved 1179648K
  class space    used 9208K, committed 9728K, reserved 1048576K
}
Event: 5396.299 GC heap before
{Heap before GC invocations=22946 (full 545):
 PSYoungGen      total 3584K, used 2720K [0x00000000eab00000, 0x00000000eaf80000, 0x0000000100000000)
  eden space 2560K, 100% used [0x00000000eab00000,0x00000000ead80000,0x00000000ead80000)
  from space 1024K, 15% used [0x00000000eae00000,0x00000000eae28000,0x00000000eaf00000)
  to   space 512K, 0% used [0x00000000eaf00000,0x00000000eaf00000,0x00000000eaf80000)
 ParOldGen       total 187392K, used 158194K [0x00000000c0000000, 0x00000000cb700000, 0x00000000eab00000)
  object space 187392K, 84% used [0x00000000c0000000,0x00000000c9a7cb60,0x00000000cb700000)
 Metaspace       used 95539K, committed 96704K, reserved 1179648K
  class space    used 9208K, committed 9728K, reserved 1048576K
}
Event: 5396.299 GC heap after
{Heap after GC invocations=22946 (full 545):
 PSYoungGen      total 3072K, used 224K [0x00000000eab00000, 0x00000000eaf80000, 0x0000000100000000)
  eden space 2560K, 0% used [0x00000000eab00000,0x00000000eab00000,0x00000000ead80000)
  from space 512K, 43% used [0x00000000eaf00000,0x00000000eaf38000,0x00000000eaf80000)
  to   space 512K, 0% used [0x00000000eae80000,0x00000000eae80000,0x00000000eaf00000)
 ParOldGen       total 187392K, used 158218K [0x00000000c0000000, 0x00000000cb700000, 0x00000000eab00000)
  object space 187392K, 84% used [0x00000000c0000000,0x00000000c9a82b60,0x00000000cb700000)
 Metaspace       used 95539K, committed 96704K, reserved 1179648K
  class space    used 9208K, committed 9728K, reserved 1048576K
}
Event: 5396.304 GC heap before
{Heap before GC invocations=22947 (full 545):
 PSYoungGen      total 3072K, used 2784K [0x00000000eab00000, 0x00000000eaf80000, 0x0000000100000000)
  eden space 2560K, 100% used [0x00000000eab00000,0x00000000ead80000,0x00000000ead80000)
  from space 512K, 43% used [0x00000000eaf00000,0x00000000eaf38000,0x00000000eaf80000)
  to   space 512K, 0% used [0x00000000eae80000,0x00000000eae80000,0x00000000eaf00000)
 ParOldGen       total 187392K, used 158218K [0x00000000c0000000, 0x00000000cb700000, 0x00000000eab00000)
  object space 187392K, 84% used [0x00000000c0000000,0x00000000c9a82b60,0x00000000cb700000)
 Metaspace       used 95539K, committed 96704K, reserved 1179648K
  class space    used 9208K, committed 9728K, reserved 1048576K
}
Event: 5396.305 GC heap after
{Heap after GC invocations=22947 (full 545):
 PSYoungGen      total 3072K, used 512K [0x00000000eab00000, 0x00000000eaf80000, 0x0000000100000000)
  eden space 2560K, 0% used [0x00000000eab00000,0x00000000eab00000,0x00000000ead80000)
  from space 512K, 100% used [0x00000000eae80000,0x00000000eaf00000,0x00000000eaf00000)
  to   space 512K, 0% used [0x00000000eaf00000,0x00000000eaf00000,0x00000000eaf80000)
 ParOldGen       total 187392K, used 158608K [0x00000000c0000000, 0x00000000cb700000, 0x00000000eab00000)
  object space 187392K, 84% used [0x00000000c0000000,0x00000000c9ae4000,0x00000000cb700000)
 Metaspace       used 95539K, committed 96704K, reserved 1179648K
  class space    used 9208K, committed 9728K, reserved 1048576K
}
Event: 5396.656 GC heap before
{Heap before GC invocations=22948 (full 545):
 PSYoungGen      total 3072K, used 3072K [0x00000000eab00000, 0x00000000eaf80000, 0x0000000100000000)
  eden space 2560K, 100% used [0x00000000eab00000,0x00000000ead80000,0x00000000ead80000)
  from space 512K, 100% used [0x00000000eae80000,0x00000000eaf00000,0x00000000eaf00000)
  to   space 512K, 0% used [0x00000000eaf00000,0x00000000eaf00000,0x00000000eaf80000)
 ParOldGen       total 187392K, used 158608K [0x00000000c0000000, 0x00000000cb700000, 0x00000000eab00000)
  object space 187392K, 84% used [0x00000000c0000000,0x00000000c9ae4000,0x00000000cb700000)
 Metaspace       used 95539K, committed 96704K, reserved 1179648K
  class space    used 9208K, committed 9728K, reserved 1048576K
}
Event: 5396.657 GC heap after
{Heap after GC invocations=22948 (full 545):
 PSYoungGen      total 3072K, used 480K [0x00000000eab00000, 0x00000000eaf80000, 0x0000000100000000)
  eden space 2560K, 0% used [0x00000000eab00000,0x00000000eab00000,0x00000000ead80000)
  from space 512K, 93% used [0x00000000eaf00000,0x00000000eaf78020,0x00000000eaf80000)
  to   space 1024K, 0% used [0x00000000ead80000,0x00000000ead80000,0x00000000eae80000)
 ParOldGen       total 187392K, used 159088K [0x00000000c0000000, 0x00000000cb700000, 0x00000000eab00000)
  object space 187392K, 84% used [0x00000000c0000000,0x00000000c9b5c000,0x00000000cb700000)
 Metaspace       used 95539K, committed 96704K, reserved 1179648K
  class space    used 9208K, committed 9728K, reserved 1048576K
}
Event: 5396.769 GC heap before
{Heap before GC invocations=22949 (full 545):
 PSYoungGen      total 3072K, used 3040K [0x00000000eab00000, 0x00000000eaf80000, 0x0000000100000000)
  eden space 2560K, 100% used [0x00000000eab00000,0x00000000ead80000,0x00000000ead80000)
  from space 512K, 93% used [0x00000000eaf00000,0x00000000eaf78020,0x00000000eaf80000)
  to   space 1024K, 0% used [0x00000000ead80000,0x00000000ead80000,0x00000000eae80000)
 ParOldGen       total 187392K, used 159088K [0x00000000c0000000, 0x00000000cb700000, 0x00000000eab00000)
  object space 187392K, 84% used [0x00000000c0000000,0x00000000c9b5c000,0x00000000cb700000)
 Metaspace       used 95539K, committed 96704K, reserved 1179648K
  class space    used 9208K, committed 9728K, reserved 1048576K
}
Event: 5396.769 GC heap after
{Heap after GC invocations=22949 (full 545):
 PSYoungGen      total 3584K, used 368K [0x00000000eab00000, 0x00000000eaf80000, 0x0000000100000000)
  eden space 2560K, 0% used [0x00000000eab00000,0x00000000eab00000,0x00000000ead80000)
  from space 1024K, 35% used [0x00000000ead80000,0x00000000eaddc010,0x00000000eae80000)
  to   space 1024K, 0% used [0x00000000eae80000,0x00000000eae80000,0x00000000eaf80000)
 ParOldGen       total 187392K, used 159509K [0x00000000c0000000, 0x00000000cb700000, 0x00000000eab00000)
  object space 187392K, 85% used [0x00000000c0000000,0x00000000c9bc54c0,0x00000000cb700000)
 Metaspace       used 95539K, committed 96704K, reserved 1179648K
  class space    used 9208K, committed 9728K, reserved 1048576K
}
Event: 5397.304 GC heap before
{Heap before GC invocations=22950 (full 545):
 PSYoungGen      total 3584K, used 2928K [0x00000000eab00000, 0x00000000eaf80000, 0x0000000100000000)
  eden space 2560K, 100% used [0x00000000eab00000,0x00000000ead80000,0x00000000ead80000)
  from space 1024K, 35% used [0x00000000ead80000,0x00000000eaddc010,0x00000000eae80000)
  to   space 1024K, 0% used [0x00000000eae80000,0x00000000eae80000,0x00000000eaf80000)
 ParOldGen       total 187392K, used 159509K [0x00000000c0000000, 0x00000000cb700000, 0x00000000eab00000)
  object space 187392K, 85% used [0x00000000c0000000,0x00000000c9bc54c0,0x00000000cb700000)
 Metaspace       used 95539K, committed 96704K, reserved 1179648K
  class space    used 9208K, committed 9728K, reserved 1048576K
}
Event: 5397.305 GC heap after
{Heap after GC invocations=22950 (full 545):
 PSYoungGen      total 3072K, used 128K [0x00000000eab00000, 0x00000000eaf00000, 0x0000000100000000)
  eden space 2560K, 0% used [0x00000000eab00000,0x00000000eab00000,0x00000000ead80000)
  from space 512K, 25% used [0x00000000eae80000,0x00000000eaea0000,0x00000000eaf00000)
  to   space 512K, 0% used [0x00000000eae00000,0x00000000eae00000,0x00000000eae80000)
 ParOldGen       total 187392K, used 159589K [0x00000000c0000000, 0x00000000cb700000, 0x00000000eab00000)
  object space 187392K, 85% used [0x00000000c0000000,0x00000000c9bd94c0,0x00000000cb700000)
 Metaspace       used 95539K, committed 96704K, reserved 1179648K
  class space    used 9208K, committed 9728K, reserved 1048576K
}
Event: 5397.319 GC heap before
{Heap before GC invocations=22951 (full 545):
 PSYoungGen      total 3072K, used 2688K [0x00000000eab00000, 0x00000000eaf00000, 0x0000000100000000)
  eden space 2560K, 100% used [0x00000000eab00000,0x00000000ead80000,0x00000000ead80000)
  from space 512K, 25% used [0x00000000eae80000,0x00000000eaea0000,0x00000000eaf00000)
  to   space 512K, 0% used [0x00000000eae00000,0x00000000eae00000,0x00000000eae80000)
 ParOldGen       total 187392K, used 159589K [0x00000000c0000000, 0x00000000cb700000, 0x00000000eab00000)
  object space 187392K, 85% used [0x00000000c0000000,0x00000000c9bd94c0,0x00000000cb700000)
 Metaspace       used 95539K, committed 96704K, reserved 1179648K
  class space    used 9208K, committed 9728K, reserved 1048576K
}
Event: 5397.320 GC heap after
{Heap after GC invocations=22951 (full 545):
 PSYoungGen      total 3072K, used 485K [0x00000000eab00000, 0x00000000eb180000, 0x0000000100000000)
  eden space 2560K, 0% used [0x00000000eab00000,0x00000000eab00000,0x00000000ead80000)
  from space 512K, 94% used [0x00000000eae00000,0x00000000eae797d8,0x00000000eae80000)
  to   space 2048K, 0% used [0x00000000eaf80000,0x00000000eaf80000,0x00000000eb180000)
 ParOldGen       total 187392K, used 160643K [0x00000000c0000000, 0x00000000cb700000, 0x00000000eab00000)
  object space 187392K, 85% used [0x00000000c0000000,0x00000000c9ce0c98,0x00000000cb700000)
 Metaspace       used 95539K, committed 96704K, reserved 1179648K
  class space    used 9208K, committed 9728K, reserved 1048576K
}
Event: 5397.323 GC heap before
{Heap before GC invocations=22952 (full 545):
 PSYoungGen      total 3072K, used 3045K [0x00000000eab00000, 0x00000000eb180000, 0x0000000100000000)
  eden space 2560K, 100% used [0x00000000eab00000,0x00000000ead80000,0x00000000ead80000)
  from space 512K, 94% used [0x00000000eae00000,0x00000000eae797d8,0x00000000eae80000)
  to   space 2048K, 0% used [0x00000000eaf80000,0x00000000eaf80000,0x00000000eb180000)
 ParOldGen       total 187392K, used 160643K [0x00000000c0000000, 0x00000000cb700000, 0x00000000eab00000)
  object space 187392K, 85% used [0x00000000c0000000,0x00000000c9ce0c98,0x00000000cb700000)
 Metaspace       used 95539K, committed 96704K, reserved 1179648K
  class space    used 9208K, committed 9728K, reserved 1048576K
}
Event: 5397.325 GC heap after
{Heap after GC invocations=22952 (full 545):
 PSYoungGen      total 3072K, used 2048K [0x00000000eab00000, 0x00000000eb480000, 0x0000000100000000)
  eden space 1024K, 0% used [0x00000000eab00000,0x00000000eab00000,0x00000000eac00000)
  from space 2048K, 100% used [0x00000000eaf80000,0x00000000eb180000,0x00000000eb180000)
  to   space 3584K, 0% used [0x00000000eac00000,0x00000000eac00000,0x00000000eaf80000)
 ParOldGen       total 187392K, used 161633K [0x00000000c0000000, 0x00000000cb700000, 0x00000000eab00000)
  object space 187392K, 86% used [0x00000000c0000000,0x00000000c9dd8470,0x00000000cb700000)
 Metaspace       used 95539K, committed 96704K, reserved 1179648K
  class space    used 9208K, committed 9728K, reserved 1048576K
}
Event: 5397.326 GC heap before
{Heap before GC invocations=22953 (full 545):
 PSYoungGen      total 3072K, used 3072K [0x00000000eab00000, 0x00000000eb480000, 0x0000000100000000)
  eden space 1024K, 100% used [0x00000000eab00000,0x00000000eac00000,0x00000000eac00000)
  from space 2048K, 100% used [0x00000000eaf80000,0x00000000eb180000,0x00000000eb180000)
  to   space 3584K, 0% used [0x00000000eac00000,0x00000000eac00000,0x00000000eaf80000)
 ParOldGen       total 187392K, used 161633K [0x00000000c0000000, 0x00000000cb700000, 0x00000000eab00000)
  object space 187392K, 86% used [0x00000000c0000000,0x00000000c9dd8470,0x00000000cb700000)
 Metaspace       used 95539K, committed 96704K, reserved 1179648K
  class space    used 9208K, committed 9728K, reserved 1048576K
}
Event: 5397.328 GC heap after
{Heap after GC invocations=22953 (full 545):
 PSYoungGen      total 2560K, used 1030K [0x00000000eab00000, 0x00000000eb080000, 0x0000000100000000)
  eden space 1024K, 0% used [0x00000000eab00000,0x00000000eab00000,0x00000000eac00000)
  from space 1536K, 67% used [0x00000000eac00000,0x00000000ead01a00,0x00000000ead80000)
  to   space 2048K, 0% used [0x00000000eae80000,0x00000000eae80000,0x00000000eb080000)
 ParOldGen       total 187392K, used 163721K [0x00000000c0000000, 0x00000000cb700000, 0x00000000eab00000)
  object space 187392K, 87% used [0x00000000c0000000,0x00000000c9fe2470,0x00000000cb700000)
 Metaspace       used 95539K, committed 96704K, reserved 1179648K
  class space    used 9208K, committed 9728K, reserved 1048576K
}
Event: 5397.332 GC heap before
{Heap before GC invocations=22954 (full 545):
 PSYoungGen      total 2560K, used 2054K [0x00000000eab00000, 0x00000000eb080000, 0x0000000100000000)
  eden space 1024K, 100% used [0x00000000eab00000,0x00000000eac00000,0x00000000eac00000)
  from space 1536K, 67% used [0x00000000eac00000,0x00000000ead01a00,0x00000000ead80000)
  to   space 2048K, 0% used [0x00000000eae80000,0x00000000eae80000,0x00000000eb080000)
 ParOldGen       total 187392K, used 163721K [0x00000000c0000000, 0x00000000cb700000, 0x00000000eab00000)
  object space 187392K, 87% used [0x00000000c0000000,0x00000000c9fe2470,0x00000000cb700000)
 Metaspace       used 95539K, committed 96704K, reserved 1179648K
  class space    used 9208K, committed 9728K, reserved 1048576K
}
Event: 5397.333 GC heap after
{Heap after GC invocations=22954 (full 545):
 PSYoungGen      total 2560K, used 852K [0x00000000eab00000, 0x00000000eaf80000, 0x0000000100000000)
  eden space 1536K, 0% used [0x00000000eab00000,0x00000000eab00000,0x00000000eac80000)
  from space 1024K, 83% used [0x00000000eae80000,0x00000000eaf55000,0x00000000eaf80000)
  to   space 1536K, 0% used [0x00000000eac80000,0x00000000eac80000,0x00000000eae00000)
 ParOldGen       total 187392K, used 164657K [0x00000000c0000000, 0x00000000cb700000, 0x00000000eab00000)
  object space 187392K, 87% used [0x00000000c0000000,0x00000000ca0cc470,0x00000000cb700000)
 Metaspace       used 95539K, committed 96704K, reserved 1179648K
  class space    used 9208K, committed 9728K, reserved 1048576K
}
Event: 5397.345 GC heap before
{Heap before GC invocations=22955 (full 545):
 PSYoungGen      total 2560K, used 2388K [0x00000000eab00000, 0x00000000eaf80000, 0x0000000100000000)
  eden space 1536K, 100% used [0x00000000eab00000,0x00000000eac80000,0x00000000eac80000)
  from space 1024K, 83% used [0x00000000eae80000,0x00000000eaf55000,0x00000000eaf80000)
  to   space 1536K, 0% used [0x00000000eac80000,0x00000000eac80000,0x00000000eae00000)
 ParOldGen       total 187392K, used 164657K [0x00000000c0000000, 0x00000000cb700000, 0x00000000eab00000)
  object space 187392K, 87% used [0x00000000c0000000,0x00000000ca0cc470,0x00000000cb700000)
 Metaspace       used 95539K, committed 96704K, reserved 1179648K
  class space    used 9208K, committed 9728K, reserved 1048576K
}

