# JRE version: OpenJDK Runtime Environment Temurin-17.0.9+9 (17.0.9+9) (build 17.0.9+9)
# Java VM: OpenJDK 64-Bit Server VM Temurin-17.0.9+9 (17.0.9+9, mixed mode, tiered, compressed oops, compressed class ptrs, parallel gc, windows-amd64)
GC Precious Log:
 CPUs: 6 total, 6 available
 Memory: 16055M
 Large Page Support: Disabled
 NUMA Support: Disabled
 Compressed Oops: Enabled (32-bit)
 Alignments: Space 512K, Generation 512K, Heap 2M
 Heap Min Capacity: 100M
 Heap Initial Capacity: 100M
 Heap Max Capacity: 1G
 Pre-touch: Disabled
 Parallel Workers: 6
Heap:
 PSYoungGen      total 4608K, used 2560K [0x00000000eab00000, 0x00000000eb180000, 0x0000000100000000)
  eden space 2560K, 100% used [0x00000000eab00000,0x00000000ead80000,0x00000000ead80000)
  from space 2048K, 0% used [0x00000000eaf80000,0x00000000eaf80000,0x00000000eb180000)
  to   space 2048K, 100% used [0x00000000ead80000,0x00000000eaf80000,0x00000000eaf80000)
 ParOldGen       total 154624K, used 132739K [0x00000000c0000000, 0x00000000c9700000, 0x00000000eab00000)
  object space 154624K, 85% used [0x00000000c0000000,0x00000000c81a0ee0,0x00000000c9700000)
 Metaspace       used 97581K, committed 98880K, reserved 1179648K
  class space    used 9659K, committed 10240K, reserved 1048576K
GC Heap History (20 events):
Event: 2083.026 GC heap after
{Heap after GC invocations=13152 (full 361):
 PSYoungGen      total 3072K, used 480K [0x00000000eab00000, 0x00000000eb080000, 0x0000000100000000)
  eden space 2560K, 0% used [0x00000000eab00000,0x00000000eab00000,0x00000000ead80000)
  from space 512K, 93% used [0x00000000eaf00000,0x00000000eaf78020,0x00000000eaf80000)
  to   space 1024K, 0% used [0x00000000eaf80000,0x00000000eaf80000,0x00000000eb080000)
 ParOldGen       total 153600K, used 150215K [0x00000000c0000000, 0x00000000c9600000, 0x00000000eab00000)
  object space 153600K, 97% used [0x00000000c0000000,0x00000000c92b1de0,0x00000000c9600000)
 Metaspace       used 97581K, committed 98880K, reserved 1179648K
  class space    used 9659K, committed 10240K, reserved 1048576K
}
Event: 2083.029 GC heap before
{Heap before GC invocations=13153 (full 361):
 PSYoungGen      total 3072K, used 3040K [0x00000000eab00000, 0x00000000eb080000, 0x0000000100000000)
  eden space 2560K, 100% used [0x00000000eab00000,0x00000000ead80000,0x00000000ead80000)
  from space 512K, 93% used [0x00000000eaf00000,0x00000000eaf78020,0x00000000eaf80000)
  to   space 1024K, 0% used [0x00000000eaf80000,0x00000000eaf80000,0x00000000eb080000)
 ParOldGen       total 153600K, used 150215K [0x00000000c0000000, 0x00000000c9600000, 0x00000000eab00000)
  object space 153600K, 97% used [0x00000000c0000000,0x00000000c92b1de0,0x00000000c9600000)
 Metaspace       used 97581K, committed 98880K, reserved 1179648K
  class space    used 9659K, committed 10240K, reserved 1048576K
}
Event: 2083.030 GC heap after
{Heap after GC invocations=13153 (full 361):
 PSYoungGen      total 3584K, used 960K [0x00000000eab00000, 0x00000000eb080000, 0x0000000100000000)
  eden space 2560K, 0% used [0x00000000eab00000,0x00000000eab00000,0x00000000ead80000)
  from space 1024K, 93% used [0x00000000eaf80000,0x00000000eb070000,0x00000000eb080000)
  to   space 1024K, 0% used [0x00000000eae80000,0x00000000eae80000,0x00000000eaf80000)
 ParOldGen       total 153600K, used 150711K [0x00000000c0000000, 0x00000000c9600000, 0x00000000eab00000)
  object space 153600K, 98% used [0x00000000c0000000,0x00000000c932de20,0x00000000c9600000)
 Metaspace       used 97581K, committed 98880K, reserved 1179648K
  class space    used 9659K, committed 10240K, reserved 1048576K
}
Event: 2083.125 GC heap before
{Heap before GC invocations=13154 (full 361):
 PSYoungGen      total 3584K, used 3519K [0x00000000eab00000, 0x00000000eb080000, 0x0000000100000000)
  eden space 2560K, 99% used [0x00000000eab00000,0x00000000ead7fff0,0x00000000ead80000)
  from space 1024K, 93% used [0x00000000eaf80000,0x00000000eb070000,0x00000000eb080000)
  to   space 1024K, 0% used [0x00000000eae80000,0x00000000eae80000,0x00000000eaf80000)
 ParOldGen       total 153600K, used 150711K [0x00000000c0000000, 0x00000000c9600000, 0x00000000eab00000)
  object space 153600K, 98% used [0x00000000c0000000,0x00000000c932de20,0x00000000c9600000)
 Metaspace       used 97581K, committed 98880K, reserved 1179648K
  class space    used 9659K, committed 10240K, reserved 1048576K
}
Event: 2083.125 GC heap after
{Heap after GC invocations=13154 (full 361):
 PSYoungGen      total 3584K, used 192K [0x00000000eab00000, 0x00000000eb000000, 0x0000000100000000)
  eden space 2560K, 0% used [0x00000000eab00000,0x00000000eab00000,0x00000000ead80000)
  from space 1024K, 18% used [0x00000000eae80000,0x00000000eaeb0000,0x00000000eaf80000)
  to   space 512K, 0% used [0x00000000eaf80000,0x00000000eaf80000,0x00000000eb000000)
 ParOldGen       total 153600K, used 150871K [0x00000000c0000000, 0x00000000c9600000, 0x00000000eab00000)
  object space 153600K, 98% used [0x00000000c0000000,0x00000000c9355e20,0x00000000c9600000)
 Metaspace       used 97581K, committed 98880K, reserved 1179648K
  class space    used 9659K, committed 10240K, reserved 1048576K
}
Event: 2083.132 GC heap before
{Heap before GC invocations=13155 (full 361):
 PSYoungGen      total 3584K, used 2752K [0x00000000eab00000, 0x00000000eb000000, 0x0000000100000000)
  eden space 2560K, 100% used [0x00000000eab00000,0x00000000ead80000,0x00000000ead80000)
  from space 1024K, 18% used [0x00000000eae80000,0x00000000eaeb0000,0x00000000eaf80000)
  to   space 512K, 0% used [0x00000000eaf80000,0x00000000eaf80000,0x00000000eb000000)
 ParOldGen       total 153600K, used 150871K [0x00000000c0000000, 0x00000000c9600000, 0x00000000eab00000)
  object space 153600K, 98% used [0x00000000c0000000,0x00000000c9355e20,0x00000000c9600000)
 Metaspace       used 97581K, committed 98880K, reserved 1179648K
  class space    used 9659K, committed 10240K, reserved 1048576K
}
Event: 2083.133 GC heap after
{Heap after GC invocations=13155 (full 361):
 PSYoungGen      total 3072K, used 512K [0x00000000eab00000, 0x00000000eb080000, 0x0000000100000000)
  eden space 2560K, 0% used [0x00000000eab00000,0x00000000eab00000,0x00000000ead80000)
  from space 512K, 100% used [0x00000000eaf80000,0x00000000eb000000,0x00000000eb000000)
  to   space 1536K, 0% used [0x00000000ead80000,0x00000000ead80000,0x00000000eaf00000)
 ParOldGen       total 153600K, used 151286K [0x00000000c0000000, 0x00000000c9600000, 0x00000000eab00000)
  object space 153600K, 98% used [0x00000000c0000000,0x00000000c93bd880,0x00000000c9600000)
 Metaspace       used 97581K, committed 98880K, reserved 1179648K
  class space    used 9659K, committed 10240K, reserved 1048576K
}
Event: 2083.139 GC heap before
{Heap before GC invocations=13156 (full 361):
 PSYoungGen      total 3072K, used 3072K [0x00000000eab00000, 0x00000000eb080000, 0x0000000100000000)
  eden space 2560K, 100% used [0x00000000eab00000,0x00000000ead80000,0x00000000ead80000)
  from space 512K, 100% used [0x00000000eaf80000,0x00000000eb000000,0x00000000eb000000)
  to   space 1536K, 0% used [0x00000000ead80000,0x00000000ead80000,0x00000000eaf00000)
 ParOldGen       total 153600K, used 151286K [0x00000000c0000000, 0x00000000c9600000, 0x00000000eab00000)
  object space 153600K, 98% used [0x00000000c0000000,0x00000000c93bd880,0x00000000c9600000)
 Metaspace       used 97581K, committed 98880K, reserved 1179648K
  class space    used 9659K, committed 10240K, reserved 1048576K
}
Event: 2083.140 GC heap after
{Heap after GC invocations=13156 (full 361):
 PSYoungGen      total 4096K, used 896K [0x00000000eab00000, 0x00000000eb000000, 0x0000000100000000)
  eden space 2560K, 0% used [0x00000000eab00000,0x00000000eab00000,0x00000000ead80000)
  from space 1536K, 58% used [0x00000000ead80000,0x00000000eae60000,0x00000000eaf00000)
  to   space 1024K, 0% used [0x00000000eaf00000,0x00000000eaf00000,0x00000000eb000000)
 ParOldGen       total 153600K, used 151814K [0x00000000c0000000, 0x00000000c9600000, 0x00000000eab00000)
  object space 153600K, 98% used [0x00000000c0000000,0x00000000c9441880,0x00000000c9600000)
 Metaspace       used 97581K, committed 98880K, reserved 1179648K
  class space    used 9659K, committed 10240K, reserved 1048576K
}
Event: 2083.410 GC heap before
{Heap before GC invocations=13157 (full 361):
 PSYoungGen      total 4096K, used 3456K [0x00000000eab00000, 0x00000000eb000000, 0x0000000100000000)
  eden space 2560K, 100% used [0x00000000eab00000,0x00000000ead80000,0x00000000ead80000)
  from space 1536K, 58% used [0x00000000ead80000,0x00000000eae60000,0x00000000eaf00000)
  to   space 1024K, 0% used [0x00000000eaf00000,0x00000000eaf00000,0x00000000eb000000)
 ParOldGen       total 153600K, used 151814K [0x00000000c0000000, 0x00000000c9600000, 0x00000000eab00000)
  object space 153600K, 98% used [0x00000000c0000000,0x00000000c9441880,0x00000000c9600000)
 Metaspace       used 97581K, committed 98880K, reserved 1179648K
  class space    used 9659K, committed 10240K, reserved 1048576K
}
Event: 2083.412 GC heap after
{Heap after GC invocations=13157 (full 361):
 PSYoungGen      total 3072K, used 288K [0x00000000eab00000, 0x00000000eaf80000, 0x0000000100000000)
  eden space 2560K, 0% used [0x00000000eab00000,0x00000000eab00000,0x00000000ead80000)
  from space 512K, 56% used [0x00000000eaf00000,0x00000000eaf48020,0x00000000eaf80000)
  to   space 1024K, 0% used [0x00000000ead80000,0x00000000ead80000,0x00000000eae80000)
 ParOldGen       total 153600K, used 151958K [0x00000000c0000000, 0x00000000c9600000, 0x00000000eab00000)
  object space 153600K, 98% used [0x00000000c0000000,0x00000000c9465880,0x00000000c9600000)
 Metaspace       used 97581K, committed 98880K, reserved 1179648K
  class space    used 9659K, committed 10240K, reserved 1048576K
}
Event: 2083.418 GC heap before
{Heap before GC invocations=13158 (full 361):
 PSYoungGen      total 3072K, used 2848K [0x00000000eab00000, 0x00000000eaf80000, 0x0000000100000000)
  eden space 2560K, 100% used [0x00000000eab00000,0x00000000ead80000,0x00000000ead80000)
  from space 512K, 56% used [0x00000000eaf00000,0x00000000eaf48020,0x00000000eaf80000)
  to   space 1024K, 0% used [0x00000000ead80000,0x00000000ead80000,0x00000000eae80000)
 ParOldGen       total 153600K, used 151958K [0x00000000c0000000, 0x00000000c9600000, 0x00000000eab00000)
  object space 153600K, 98% used [0x00000000c0000000,0x00000000c9465880,0x00000000c9600000)
 Metaspace       used 97581K, committed 98880K, reserved 1179648K
  class space    used 9659K, committed 10240K, reserved 1048576K
}
Event: 2083.418 GC heap after
{Heap after GC invocations=13158 (full 361):
 PSYoungGen      total 3584K, used 224K [0x00000000eab00000, 0x00000000eaf80000, 0x0000000100000000)
  eden space 2560K, 0% used [0x00000000eab00000,0x00000000eab00000,0x00000000ead80000)
  from space 1024K, 21% used [0x00000000ead80000,0x00000000eadb8000,0x00000000eae80000)
  to   space 512K, 0% used [0x00000000eaf00000,0x00000000eaf00000,0x00000000eaf80000)
 ParOldGen       total 153600K, used 152054K [0x00000000c0000000, 0x00000000c9600000, 0x00000000eab00000)
  object space 153600K, 98% used [0x00000000c0000000,0x00000000c947d8a0,0x00000000c9600000)
 Metaspace       used 97581K, committed 98880K, reserved 1179648K
  class space    used 9659K, committed 10240K, reserved 1048576K
}
Event: 2083.686 GC heap before
{Heap before GC invocations=13159 (full 361):
 PSYoungGen      total 3584K, used 2783K [0x00000000eab00000, 0x00000000eaf80000, 0x0000000100000000)
  eden space 2560K, 99% used [0x00000000eab00000,0x00000000ead7ffe8,0x00000000ead80000)
  from space 1024K, 21% used [0x00000000ead80000,0x00000000eadb8000,0x00000000eae80000)
  to   space 512K, 0% used [0x00000000eaf00000,0x00000000eaf00000,0x00000000eaf80000)
 ParOldGen       total 153600K, used 152054K [0x00000000c0000000, 0x00000000c9600000, 0x00000000eab00000)
  object space 153600K, 98% used [0x00000000c0000000,0x00000000c947d8a0,0x00000000c9600000)
 Metaspace       used 97581K, committed 98880K, reserved 1179648K
  class space    used 9659K, committed 10240K, reserved 1048576K
}
Event: 2083.687 GC heap after
{Heap after GC invocations=13159 (full 361):
 PSYoungGen      total 3072K, used 192K [0x00000000eab00000, 0x00000000eaf80000, 0x0000000100000000)
  eden space 2560K, 0% used [0x00000000eab00000,0x00000000eab00000,0x00000000ead80000)
  from space 512K, 37% used [0x00000000eaf00000,0x00000000eaf30000,0x00000000eaf80000)
  to   space 512K, 0% used [0x00000000eae80000,0x00000000eae80000,0x00000000eaf00000)
 ParOldGen       total 153600K, used 152070K [0x00000000c0000000, 0x00000000c9600000, 0x00000000eab00000)
  object space 153600K, 99% used [0x00000000c0000000,0x00000000c94818a0,0x00000000c9600000)
 Metaspace       used 97581K, committed 98880K, reserved 1179648K
  class space    used 9659K, committed 10240K, reserved 1048576K
}
Event: 2083.693 GC heap before
{Heap before GC invocations=13160 (full 361):
 PSYoungGen      total 3072K, used 2752K [0x00000000eab00000, 0x00000000eaf80000, 0x0000000100000000)
  eden space 2560K, 100% used [0x00000000eab00000,0x00000000ead80000,0x00000000ead80000)
  from space 512K, 37% used [0x00000000eaf00000,0x00000000eaf30000,0x00000000eaf80000)
  to   space 512K, 0% used [0x00000000eae80000,0x00000000eae80000,0x00000000eaf00000)
 ParOldGen       total 153600K, used 152070K [0x00000000c0000000, 0x00000000c9600000, 0x00000000eab00000)
  object space 153600K, 99% used [0x00000000c0000000,0x00000000c94818a0,0x00000000c9600000)
 Metaspace       used 97581K, committed 98880K, reserved 1179648K
  class space    used 9659K, committed 10240K, reserved 1048576K
}
Event: 2083.694 GC heap after
{Heap after GC invocations=13160 (full 361):
 PSYoungGen      total 3072K, used 485K [0x00000000eab00000, 0x00000000eb180000, 0x0000000100000000)
  eden space 2560K, 0% used [0x00000000eab00000,0x00000000eab00000,0x00000000ead80000)
  from space 512K, 94% used [0x00000000eae80000,0x00000000eaef97d8,0x00000000eaf00000)
  to   space 2048K, 0% used [0x00000000eaf80000,0x00000000eaf80000,0x00000000eb180000)
 ParOldGen       total 153600K, used 153028K [0x00000000c0000000, 0x00000000c9600000, 0x00000000eab00000)
  object space 153600K, 99% used [0x00000000c0000000,0x00000000c9571078,0x00000000c9600000)
 Metaspace       used 97581K, committed 98880K, reserved 1179648K
  class space    used 9659K, committed 10240K, reserved 1048576K
}
Event: 2083.694 GC heap before
{Heap before GC invocations=13161 (full 362):
 PSYoungGen      total 3072K, used 485K [0x00000000eab00000, 0x00000000eb180000, 0x0000000100000000)
  eden space 2560K, 0% used [0x00000000eab00000,0x00000000eab00000,0x00000000ead80000)
  from space 512K, 94% used [0x00000000eae80000,0x00000000eaef97d8,0x00000000eaf00000)
  to   space 2048K, 0% used [0x00000000eaf80000,0x00000000eaf80000,0x00000000eb180000)
 ParOldGen       total 153600K, used 153028K [0x00000000c0000000, 0x00000000c9600000, 0x00000000eab00000)
  object space 153600K, 99% used [0x00000000c0000000,0x00000000c9571078,0x00000000c9600000)
 Metaspace       used 97581K, committed 98880K, reserved 1179648K
  class space    used 9659K, committed 10240K, reserved 1048576K
}
Event: 2083.770 GC heap after
{Heap after GC invocations=13161 (full 362):
 PSYoungGen      total 4608K, used 0K [0x00000000eab00000, 0x00000000eb180000, 0x0000000100000000)
  eden space 2560K, 0% used [0x00000000eab00000,0x00000000eab00000,0x00000000ead80000)
  from space 2048K, 0% used [0x00000000eaf80000,0x00000000eaf80000,0x00000000eb180000)
  to   space 2048K, 0% used [0x00000000ead80000,0x00000000ead80000,0x00000000eaf80000)
 ParOldGen       total 154624K, used 132307K [0x00000000c0000000, 0x00000000c9700000, 0x00000000eab00000)
  object space 154624K, 85% used [0x00000000c0000000,0x00000000c8134ee0,0x00000000c9700000)
 Metaspace       used 97581K, committed 98880K, reserved 1179648K
  class space    used 9659K, committed 10240K, reserved 1048576K
}
Event: 2083.773 GC heap before
{Heap before GC invocations=13162 (full 362):
 PSYoungGen      total 4608K, used 2560K [0x00000000eab00000, 0x00000000eb180000, 0x0000000100000000)
  eden space 2560K, 100% used [0x00000000eab00000,0x00000000ead80000,0x00000000ead80000)
  from space 2048K, 0% used [0x00000000eaf80000,0x00000000eaf80000,0x00000000eb180000)
  to   space 2048K, 0% used [0x00000000ead80000,0x00000000ead80000,0x00000000eaf80000)
 ParOldGen       total 154624K, used 132307K [0x00000000c0000000, 0x00000000c9700000, 0x00000000eab00000)
  object space 154624K, 85% used [0x00000000c0000000,0x00000000c8134ee0,0x00000000c9700000)
 Metaspace       used 97581K, committed 98880K, reserved 1179648K
  class space    used 9659K, committed 10240K, reserved 1048576K
}

