# JRE version: OpenJDK Runtime Environment Temurin-17.0.9+9 (17.0.9+9) (build 17.0.9+9)
# Java VM: OpenJDK 64-Bit Server VM Temurin-17.0.9+9 (17.0.9+9, mixed mode, tiered, compressed oops, compressed class ptrs, parallel gc, windows-amd64)
GC Precious Log:
 CPUs: 6 total, 6 available
 Memory: 16055M
 Large Page Support: Disabled
 NUMA Support: Disabled
 Compressed Oops: Enabled (32-bit)
 Alignments: Space 512K, Generation 512K, Heap 2M
 Heap Min Capacity: 100M
 Heap Initial Capacity: 100M
 Heap Max Capacity: 1G
 Pre-touch: Disabled
 Parallel Workers: 6
Heap:
 PSYoungGen      total 2560K, used 2080K [0x00000000eab00000, 0x00000000eb080000, 0x0000000100000000)
  eden space 1024K, 100% used [0x00000000eab00000,0x00000000eac00000,0x00000000eac00000)
  from space 1536K, 68% used [0x00000000eac00000,0x00000000ead08000,0x00000000ead80000)
  to   space 2048K, 45% used [0x00000000eae80000,0x00000000eaf6a000,0x00000000eb080000)
 ParOldGen       total 175104K, used 128518K [0x00000000c0000000, 0x00000000cab00000, 0x00000000eab00000)
  object space 175104K, 73% used [0x00000000c0000000,0x00000000c7d81bf8,0x00000000cab00000)
 Metaspace       used 94349K, committed 95680K, reserved 1179648K
  class space    used 9663K, committed 10304K, reserved 1048576K
GC Heap History (20 events):
Event: 1842.639 GC heap after
{Heap after GC invocations=4172 (full 42):
 PSYoungGen      total 2048K, used 192K [0x00000000eab00000, 0x00000000eae80000, 0x0000000100000000)
  eden space 1536K, 0% used [0x00000000eab00000,0x00000000eab00000,0x00000000eac80000)
  from space 512K, 37% used [0x00000000eae00000,0x00000000eae30000,0x00000000eae80000)
  to   space 512K, 0% used [0x00000000ead80000,0x00000000ead80000,0x00000000eae00000)
 ParOldGen       total 175104K, used 119764K [0x00000000c0000000, 0x00000000cab00000, 0x00000000eab00000)
  object space 175104K, 68% used [0x00000000c0000000,0x00000000c74f52b0,0x00000000cab00000)
 Metaspace       used 94348K, committed 95680K, reserved 1179648K
  class space    used 9663K, committed 10304K, reserved 1048576K
}
Event: 1842.641 GC heap before
{Heap before GC invocations=4173 (full 42):
 PSYoungGen      total 2048K, used 1728K [0x00000000eab00000, 0x00000000eae80000, 0x0000000100000000)
  eden space 1536K, 100% used [0x00000000eab00000,0x00000000eac80000,0x00000000eac80000)
  from space 512K, 37% used [0x00000000eae00000,0x00000000eae30000,0x00000000eae80000)
  to   space 512K, 0% used [0x00000000ead80000,0x00000000ead80000,0x00000000eae00000)
 ParOldGen       total 175104K, used 119764K [0x00000000c0000000, 0x00000000cab00000, 0x00000000eab00000)
  object space 175104K, 68% used [0x00000000c0000000,0x00000000c74f52b0,0x00000000cab00000)
 Metaspace       used 94348K, committed 95680K, reserved 1179648K
  class space    used 9663K, committed 10304K, reserved 1048576K
}
Event: 1842.642 GC heap after
{Heap after GC invocations=4173 (full 42):
 PSYoungGen      total 2048K, used 480K [0x00000000eab00000, 0x00000000eaf80000, 0x0000000100000000)
  eden space 1536K, 0% used [0x00000000eab00000,0x00000000eab00000,0x00000000eac80000)
  from space 512K, 93% used [0x00000000ead80000,0x00000000eadf8148,0x00000000eae00000)
  to   space 1536K, 0% used [0x00000000eae00000,0x00000000eae00000,0x00000000eaf80000)
 ParOldGen       total 175104K, used 120579K [0x00000000c0000000, 0x00000000cab00000, 0x00000000eab00000)
  object space 175104K, 68% used [0x00000000c0000000,0x00000000c75c0e18,0x00000000cab00000)
 Metaspace       used 94348K, committed 95680K, reserved 1179648K
  class space    used 9663K, committed 10304K, reserved 1048576K
}
Event: 1842.644 GC heap before
{Heap before GC invocations=4174 (full 42):
 PSYoungGen      total 2048K, used 2016K [0x00000000eab00000, 0x00000000eaf80000, 0x0000000100000000)
  eden space 1536K, 99% used [0x00000000eab00000,0x00000000eac7ffc8,0x00000000eac80000)
  from space 512K, 93% used [0x00000000ead80000,0x00000000eadf8148,0x00000000eae00000)
  to   space 1536K, 0% used [0x00000000eae00000,0x00000000eae00000,0x00000000eaf80000)
 ParOldGen       total 175104K, used 120579K [0x00000000c0000000, 0x00000000cab00000, 0x00000000eab00000)
  object space 175104K, 68% used [0x00000000c0000000,0x00000000c75c0e18,0x00000000cab00000)
 Metaspace       used 94348K, committed 95680K, reserved 1179648K
  class space    used 9663K, committed 10304K, reserved 1048576K
}
Event: 1842.645 GC heap after
{Heap after GC invocations=4174 (full 42):
 PSYoungGen      total 2560K, used 1504K [0x00000000eab00000, 0x00000000eb080000, 0x0000000100000000)
  eden space 1024K, 0% used [0x00000000eab00000,0x00000000eab00000,0x00000000eac00000)
  from space 1536K, 97% used [0x00000000eae00000,0x00000000eaf78000,0x00000000eaf80000)
  to   space 2048K, 0% used [0x00000000eac00000,0x00000000eac00000,0x00000000eae00000)
 ParOldGen       total 175104K, used 121091K [0x00000000c0000000, 0x00000000cab00000, 0x00000000eab00000)
  object space 175104K, 69% used [0x00000000c0000000,0x00000000c7640f60,0x00000000cab00000)
 Metaspace       used 94348K, committed 95680K, reserved 1179648K
  class space    used 9663K, committed 10304K, reserved 1048576K
}
Event: 1842.647 GC heap before
{Heap before GC invocations=4175 (full 42):
 PSYoungGen      total 2560K, used 2528K [0x00000000eab00000, 0x00000000eb080000, 0x0000000100000000)
  eden space 1024K, 100% used [0x00000000eab00000,0x00000000eac00000,0x00000000eac00000)
  from space 1536K, 97% used [0x00000000eae00000,0x00000000eaf78000,0x00000000eaf80000)
  to   space 2048K, 0% used [0x00000000eac00000,0x00000000eac00000,0x00000000eae00000)
 ParOldGen       total 175104K, used 121091K [0x00000000c0000000, 0x00000000cab00000, 0x00000000eab00000)
  object space 175104K, 69% used [0x00000000c0000000,0x00000000c7640f60,0x00000000cab00000)
 Metaspace       used 94348K, committed 95680K, reserved 1179648K
  class space    used 9663K, committed 10304K, reserved 1048576K
}
Event: 1842.648 GC heap after
{Heap after GC invocations=4175 (full 42):
 PSYoungGen      total 3072K, used 1088K [0x00000000eab00000, 0x00000000eaf80000, 0x0000000100000000)
  eden space 1024K, 0% used [0x00000000eab00000,0x00000000eab00000,0x00000000eac00000)
  from space 2048K, 53% used [0x00000000eac00000,0x00000000ead10000,0x00000000eae00000)
  to   space 1536K, 0% used [0x00000000eae00000,0x00000000eae00000,0x00000000eaf80000)
 ParOldGen       total 175104K, used 122571K [0x00000000c0000000, 0x00000000cab00000, 0x00000000eab00000)
  object space 175104K, 69% used [0x00000000c0000000,0x00000000c77b2f60,0x00000000cab00000)
 Metaspace       used 94348K, committed 95680K, reserved 1179648K
  class space    used 9663K, committed 10304K, reserved 1048576K
}
Event: 1842.650 GC heap before
{Heap before GC invocations=4176 (full 42):
 PSYoungGen      total 3072K, used 2112K [0x00000000eab00000, 0x00000000eaf80000, 0x0000000100000000)
  eden space 1024K, 100% used [0x00000000eab00000,0x00000000eac00000,0x00000000eac00000)
  from space 2048K, 53% used [0x00000000eac00000,0x00000000ead10000,0x00000000eae00000)
  to   space 1536K, 0% used [0x00000000eae00000,0x00000000eae00000,0x00000000eaf80000)
 ParOldGen       total 175104K, used 122571K [0x00000000c0000000, 0x00000000cab00000, 0x00000000eab00000)
  object space 175104K, 69% used [0x00000000c0000000,0x00000000c77b2f60,0x00000000cab00000)
 Metaspace       used 94348K, committed 95680K, reserved 1179648K
  class space    used 9663K, committed 10304K, reserved 1048576K
}
Event: 1842.651 GC heap after
{Heap after GC invocations=4176 (full 42):
 PSYoungGen      total 2048K, used 512K [0x00000000eab00000, 0x00000000eae80000, 0x0000000100000000)
  eden space 1536K, 0% used [0x00000000eab00000,0x00000000eab00000,0x00000000eac80000)
  from space 512K, 100% used [0x00000000eae00000,0x00000000eae80000,0x00000000eae80000)
  to   space 1024K, 0% used [0x00000000eac80000,0x00000000eac80000,0x00000000ead80000)
 ParOldGen       total 175104K, used 123571K [0x00000000c0000000, 0x00000000cab00000, 0x00000000eab00000)
  object space 175104K, 70% used [0x00000000c0000000,0x00000000c78acf60,0x00000000cab00000)
 Metaspace       used 94348K, committed 95680K, reserved 1179648K
  class space    used 9663K, committed 10304K, reserved 1048576K
}
Event: 1842.655 GC heap before
{Heap before GC invocations=4177 (full 42):
 PSYoungGen      total 2048K, used 2048K [0x00000000eab00000, 0x00000000eae80000, 0x0000000100000000)
  eden space 1536K, 100% used [0x00000000eab00000,0x00000000eac80000,0x00000000eac80000)
  from space 512K, 100% used [0x00000000eae00000,0x00000000eae80000,0x00000000eae80000)
  to   space 1024K, 0% used [0x00000000eac80000,0x00000000eac80000,0x00000000ead80000)
 ParOldGen       total 175104K, used 123571K [0x00000000c0000000, 0x00000000cab00000, 0x00000000eab00000)
  object space 175104K, 70% used [0x00000000c0000000,0x00000000c78acf60,0x00000000cab00000)
 Metaspace       used 94348K, committed 95680K, reserved 1179648K
  class space    used 9663K, committed 10304K, reserved 1048576K
}
Event: 1842.655 GC heap after
{Heap after GC invocations=4177 (full 42):
 PSYoungGen      total 2560K, used 288K [0x00000000eab00000, 0x00000000eae80000, 0x0000000100000000)
  eden space 1536K, 0% used [0x00000000eab00000,0x00000000eab00000,0x00000000eac80000)
  from space 1024K, 28% used [0x00000000eac80000,0x00000000eacc8000,0x00000000ead80000)
  to   space 512K, 0% used [0x00000000eae00000,0x00000000eae00000,0x00000000eae80000)
 ParOldGen       total 175104K, used 123968K [0x00000000c0000000, 0x00000000cab00000, 0x00000000eab00000)
  object space 175104K, 70% used [0x00000000c0000000,0x00000000c79102b8,0x00000000cab00000)
 Metaspace       used 94348K, committed 95680K, reserved 1179648K
  class space    used 9663K, committed 10304K, reserved 1048576K
}
Event: 1842.910 GC heap before
{Heap before GC invocations=4178 (full 42):
 PSYoungGen      total 2560K, used 1823K [0x00000000eab00000, 0x00000000eae80000, 0x0000000100000000)
  eden space 1536K, 99% used [0x00000000eab00000,0x00000000eac7fff8,0x00000000eac80000)
  from space 1024K, 28% used [0x00000000eac80000,0x00000000eacc8000,0x00000000ead80000)
  to   space 512K, 0% used [0x00000000eae00000,0x00000000eae00000,0x00000000eae80000)
 ParOldGen       total 175104K, used 123968K [0x00000000c0000000, 0x00000000cab00000, 0x00000000eab00000)
  object space 175104K, 70% used [0x00000000c0000000,0x00000000c79102b8,0x00000000cab00000)
 Metaspace       used 94349K, committed 95680K, reserved 1179648K
  class space    used 9663K, committed 10304K, reserved 1048576K
}
Event: 1842.910 GC heap after
{Heap after GC invocations=4178 (full 42):
 PSYoungGen      total 2048K, used 224K [0x00000000eab00000, 0x00000000eae80000, 0x0000000100000000)
  eden space 1536K, 0% used [0x00000000eab00000,0x00000000eab00000,0x00000000eac80000)
  from space 512K, 43% used [0x00000000eae00000,0x00000000eae38000,0x00000000eae80000)
  to   space 512K, 0% used [0x00000000ead80000,0x00000000ead80000,0x00000000eae00000)
 ParOldGen       total 175104K, used 124043K [0x00000000c0000000, 0x00000000cab00000, 0x00000000eab00000)
  object space 175104K, 70% used [0x00000000c0000000,0x00000000c7922cb8,0x00000000cab00000)
 Metaspace       used 94349K, committed 95680K, reserved 1179648K
  class space    used 9663K, committed 10304K, reserved 1048576K
}
Event: 1842.912 GC heap before
{Heap before GC invocations=4179 (full 42):
 PSYoungGen      total 2048K, used 1759K [0x00000000eab00000, 0x00000000eae80000, 0x0000000100000000)
  eden space 1536K, 99% used [0x00000000eab00000,0x00000000eac7ff90,0x00000000eac80000)
  from space 512K, 43% used [0x00000000eae00000,0x00000000eae38000,0x00000000eae80000)
  to   space 512K, 0% used [0x00000000ead80000,0x00000000ead80000,0x00000000eae00000)
 ParOldGen       total 175104K, used 124043K [0x00000000c0000000, 0x00000000cab00000, 0x00000000eab00000)
  object space 175104K, 70% used [0x00000000c0000000,0x00000000c7922cb8,0x00000000cab00000)
 Metaspace       used 94349K, committed 95680K, reserved 1179648K
  class space    used 9663K, committed 10304K, reserved 1048576K
}
Event: 1842.913 GC heap after
{Heap after GC invocations=4179 (full 42):
 PSYoungGen      total 2560K, used 485K [0x00000000eab00000, 0x00000000eb100000, 0x0000000100000000)
  eden space 2048K, 0% used [0x00000000eab00000,0x00000000eab00000,0x00000000ead00000)
  from space 512K, 94% used [0x00000000ead80000,0x00000000eadf97a0,0x00000000eae00000)
  to   space 2048K, 0% used [0x00000000eaf00000,0x00000000eaf00000,0x00000000eb100000)
 ParOldGen       total 175104K, used 124961K [0x00000000c0000000, 0x00000000cab00000, 0x00000000eab00000)
  object space 175104K, 71% used [0x00000000c0000000,0x00000000c7a08458,0x00000000cab00000)
 Metaspace       used 94349K, committed 95680K, reserved 1179648K
  class space    used 9663K, committed 10304K, reserved 1048576K
}
Event: 1842.916 GC heap before
{Heap before GC invocations=4180 (full 42):
 PSYoungGen      total 2560K, used 2533K [0x00000000eab00000, 0x00000000eb100000, 0x0000000100000000)
  eden space 2048K, 100% used [0x00000000eab00000,0x00000000ead00000,0x00000000ead00000)
  from space 512K, 94% used [0x00000000ead80000,0x00000000eadf97a0,0x00000000eae00000)
  to   space 2048K, 0% used [0x00000000eaf00000,0x00000000eaf00000,0x00000000eb100000)
 ParOldGen       total 175104K, used 124961K [0x00000000c0000000, 0x00000000cab00000, 0x00000000eab00000)
  object space 175104K, 71% used [0x00000000c0000000,0x00000000c7a08458,0x00000000cab00000)
 Metaspace       used 94349K, committed 95680K, reserved 1179648K
  class space    used 9663K, committed 10304K, reserved 1048576K
}
Event: 1842.917 GC heap after
{Heap after GC invocations=4180 (full 42):
 PSYoungGen      total 3072K, used 2048K [0x00000000eab00000, 0x00000000eb380000, 0x0000000100000000)
  eden space 1024K, 0% used [0x00000000eab00000,0x00000000eab00000,0x00000000eac00000)
  from space 2048K, 100% used [0x00000000eaf00000,0x00000000eb100000,0x00000000eb100000)
  to   space 3072K, 0% used [0x00000000eac00000,0x00000000eac00000,0x00000000eaf00000)
 ParOldGen       total 175104K, used 125478K [0x00000000c0000000, 0x00000000cab00000, 0x00000000eab00000)
  object space 175104K, 71% used [0x00000000c0000000,0x00000000c7a89bf8,0x00000000cab00000)
 Metaspace       used 94349K, committed 95680K, reserved 1179648K
  class space    used 9663K, committed 10304K, reserved 1048576K
}
Event: 1842.919 GC heap before
{Heap before GC invocations=4181 (full 42):
 PSYoungGen      total 3072K, used 3072K [0x00000000eab00000, 0x00000000eb380000, 0x0000000100000000)
  eden space 1024K, 100% used [0x00000000eab00000,0x00000000eac00000,0x00000000eac00000)
  from space 2048K, 100% used [0x00000000eaf00000,0x00000000eb100000,0x00000000eb100000)
  to   space 3072K, 0% used [0x00000000eac00000,0x00000000eac00000,0x00000000eaf00000)
 ParOldGen       total 175104K, used 125478K [0x00000000c0000000, 0x00000000cab00000, 0x00000000eab00000)
  object space 175104K, 71% used [0x00000000c0000000,0x00000000c7a89bf8,0x00000000cab00000)
 Metaspace       used 94349K, committed 95680K, reserved 1179648K
  class space    used 9663K, committed 10304K, reserved 1048576K
}
Event: 1842.921 GC heap after
{Heap after GC invocations=4181 (full 42):
 PSYoungGen      total 2560K, used 1056K [0x00000000eab00000, 0x00000000eb080000, 0x0000000100000000)
  eden space 1024K, 0% used [0x00000000eab00000,0x00000000eab00000,0x00000000eac00000)
  from space 1536K, 68% used [0x00000000eac00000,0x00000000ead08000,0x00000000ead80000)
  to   space 2048K, 0% used [0x00000000eae80000,0x00000000eae80000,0x00000000eb080000)
 ParOldGen       total 175104K, used 127502K [0x00000000c0000000, 0x00000000cab00000, 0x00000000eab00000)
  object space 175104K, 72% used [0x00000000c0000000,0x00000000c7c83bf8,0x00000000cab00000)
 Metaspace       used 94349K, committed 95680K, reserved 1179648K
  class space    used 9663K, committed 10304K, reserved 1048576K
}
Event: 1842.923 GC heap before
{Heap before GC invocations=4182 (full 42):
 PSYoungGen      total 2560K, used 2080K [0x00000000eab00000, 0x00000000eb080000, 0x0000000100000000)
  eden space 1024K, 100% used [0x00000000eab00000,0x00000000eac00000,0x00000000eac00000)
  from space 1536K, 68% used [0x00000000eac00000,0x00000000ead08000,0x00000000ead80000)
  to   space 2048K, 0% used [0x00000000eae80000,0x00000000eae80000,0x00000000eb080000)
 ParOldGen       total 175104K, used 127502K [0x00000000c0000000, 0x00000000cab00000, 0x00000000eab00000)
  object space 175104K, 72% used [0x00000000c0000000,0x00000000c7c83bf8,0x00000000cab00000)
 Metaspace       used 94349K, committed 95680K, reserved 1179648K
  class space    used 9663K, committed 10304K, reserved 1048576K
}

