# JRE version: OpenJDK Runtime Environment Temurin-17.0.9+9 (17.0.9+9) (build 17.0.9+9)
# Java VM: OpenJDK 64-Bit Server VM Temurin-17.0.9+9 (17.0.9+9, mixed mode, tiered, compressed oops, compressed class ptrs, parallel gc, windows-amd64)
GC Precious Log:
 CPUs: 6 total, 6 available
 Memory: 16055M
 Large Page Support: Disabled
 NUMA Support: Disabled
 Compressed Oops: Enabled (32-bit)
 Alignments: Space 512K, Generation 512K, Heap 2M
 Heap Min Capacity: 100M
 Heap Initial Capacity: 100M
 Heap Max Capacity: 1G
 Pre-touch: Disabled
 Parallel Workers: 6
Heap:
 PSYoungGen      total 3072K, used 3040K [0x00000000eab00000, 0x00000000eb480000, 0x0000000100000000)
  eden space 2560K, 99% used [0x00000000eab00000,0x00000000ead7fff8,0x00000000ead80000)
  from space 512K, 93% used [0x00000000eae00000,0x00000000eae78128,0x00000000eae80000)
  to   space 3584K, 28% used [0x00000000eb100000,0x00000000eb200000,0x00000000eb480000)
 ParOldGen       total 290304K, used 276559K [0x00000000c0000000, 0x00000000d1b80000, 0x00000000eab00000)
  object space 290304K, 95% used [0x00000000c0000000,0x00000000d0e13c40,0x00000000d1b80000)
 Metaspace       used 85951K, committed 87296K, reserved 1179648K
  class space    used 8809K, committed 9408K, reserved 1048576K
GC Heap History (20 events):
Event: 350.106 GC heap after
{Heap after GC invocations=1149 (full 17):
 PSYoungGen      total 3072K, used 464K [0x00000000eab00000, 0x00000000eaf80000, 0x0000000100000000)
  eden space 2560K, 0% used [0x00000000eab00000,0x00000000eab00000,0x00000000ead80000)
  from space 512K, 90% used [0x00000000eaf00000,0x00000000eaf74030,0x00000000eaf80000)
  to   space 1024K, 0% used [0x00000000ead80000,0x00000000ead80000,0x00000000eae80000)
 ParOldGen       total 290304K, used 272484K [0x00000000c0000000, 0x00000000d1b80000, 0x00000000eab00000)
  object space 290304K, 93% used [0x00000000c0000000,0x00000000d0a19398,0x00000000d1b80000)
 Metaspace       used 85945K, committed 87296K, reserved 1179648K
  class space    used 8809K, committed 9408K, reserved 1048576K
}
Event: 350.348 GC heap before
{Heap before GC invocations=1150 (full 17):
 PSYoungGen      total 3072K, used 3024K [0x00000000eab00000, 0x00000000eaf80000, 0x0000000100000000)
  eden space 2560K, 100% used [0x00000000eab00000,0x00000000ead80000,0x00000000ead80000)
  from space 512K, 90% used [0x00000000eaf00000,0x00000000eaf74030,0x00000000eaf80000)
  to   space 1024K, 0% used [0x00000000ead80000,0x00000000ead80000,0x00000000eae80000)
 ParOldGen       total 290304K, used 272484K [0x00000000c0000000, 0x00000000d1b80000, 0x00000000eab00000)
  object space 290304K, 93% used [0x00000000c0000000,0x00000000d0a19398,0x00000000d1b80000)
 Metaspace       used 85945K, committed 87296K, reserved 1179648K
  class space    used 8809K, committed 9408K, reserved 1048576K
}
Event: 350.348 GC heap after
{Heap after GC invocations=1150 (full 17):
 PSYoungGen      total 3584K, used 608K [0x00000000eab00000, 0x00000000eaf80000, 0x0000000100000000)
  eden space 2560K, 0% used [0x00000000eab00000,0x00000000eab00000,0x00000000ead80000)
  from space 1024K, 59% used [0x00000000ead80000,0x00000000eae18020,0x00000000eae80000)
  to   space 1024K, 0% used [0x00000000eae80000,0x00000000eae80000,0x00000000eaf80000)
 ParOldGen       total 290304K, used 272858K [0x00000000c0000000, 0x00000000d1b80000, 0x00000000eab00000)
  object space 290304K, 93% used [0x00000000c0000000,0x00000000d0a76858,0x00000000d1b80000)
 Metaspace       used 85945K, committed 87296K, reserved 1179648K
  class space    used 8809K, committed 9408K, reserved 1048576K
}
Event: 350.447 GC heap before
{Heap before GC invocations=1151 (full 17):
 PSYoungGen      total 3584K, used 3168K [0x00000000eab00000, 0x00000000eaf80000, 0x0000000100000000)
  eden space 2560K, 100% used [0x00000000eab00000,0x00000000ead80000,0x00000000ead80000)
  from space 1024K, 59% used [0x00000000ead80000,0x00000000eae18020,0x00000000eae80000)
  to   space 1024K, 0% used [0x00000000eae80000,0x00000000eae80000,0x00000000eaf80000)
 ParOldGen       total 290304K, used 272858K [0x00000000c0000000, 0x00000000d1b80000, 0x00000000eab00000)
  object space 290304K, 93% used [0x00000000c0000000,0x00000000d0a76858,0x00000000d1b80000)
 Metaspace       used 85945K, committed 87296K, reserved 1179648K
  class space    used 8809K, committed 9408K, reserved 1048576K
}
Event: 350.448 GC heap after
{Heap after GC invocations=1151 (full 17):
 PSYoungGen      total 3072K, used 288K [0x00000000eab00000, 0x00000000eaf00000, 0x0000000100000000)
  eden space 2560K, 0% used [0x00000000eab00000,0x00000000eab00000,0x00000000ead80000)
  from space 512K, 56% used [0x00000000eae80000,0x00000000eaec8000,0x00000000eaf00000)
  to   space 512K, 0% used [0x00000000eae00000,0x00000000eae00000,0x00000000eae80000)
 ParOldGen       total 290304K, used 273223K [0x00000000c0000000, 0x00000000d1b80000, 0x00000000eab00000)
  object space 290304K, 94% used [0x00000000c0000000,0x00000000d0ad1d18,0x00000000d1b80000)
 Metaspace       used 85945K, committed 87296K, reserved 1179648K
  class space    used 8809K, committed 9408K, reserved 1048576K
}
Event: 350.451 GC heap before
{Heap before GC invocations=1152 (full 17):
 PSYoungGen      total 3072K, used 2848K [0x00000000eab00000, 0x00000000eaf00000, 0x0000000100000000)
  eden space 2560K, 100% used [0x00000000eab00000,0x00000000ead80000,0x00000000ead80000)
  from space 512K, 56% used [0x00000000eae80000,0x00000000eaec8000,0x00000000eaf00000)
  to   space 512K, 0% used [0x00000000eae00000,0x00000000eae00000,0x00000000eae80000)
 ParOldGen       total 290304K, used 273223K [0x00000000c0000000, 0x00000000d1b80000, 0x00000000eab00000)
  object space 290304K, 94% used [0x00000000c0000000,0x00000000d0ad1d18,0x00000000d1b80000)
 Metaspace       used 85950K, committed 87296K, reserved 1179648K
  class space    used 8809K, committed 9408K, reserved 1048576K
}
Event: 350.452 GC heap after
{Heap after GC invocations=1152 (full 17):
 PSYoungGen      total 3072K, used 496K [0x00000000eab00000, 0x00000000eaf80000, 0x0000000100000000)
  eden space 2560K, 0% used [0x00000000eab00000,0x00000000eab00000,0x00000000ead80000)
  from space 512K, 96% used [0x00000000eae00000,0x00000000eae7c030,0x00000000eae80000)
  to   space 1024K, 0% used [0x00000000eae80000,0x00000000eae80000,0x00000000eaf80000)
 ParOldGen       total 290304K, used 273476K [0x00000000c0000000, 0x00000000d1b80000, 0x00000000eab00000)
  object space 290304K, 94% used [0x00000000c0000000,0x00000000d0b111b8,0x00000000d1b80000)
 Metaspace       used 85950K, committed 87296K, reserved 1179648K
  class space    used 8809K, committed 9408K, reserved 1048576K
}
Event: 350.542 GC heap before
{Heap before GC invocations=1153 (full 17):
 PSYoungGen      total 3072K, used 3056K [0x00000000eab00000, 0x00000000eaf80000, 0x0000000100000000)
  eden space 2560K, 100% used [0x00000000eab00000,0x00000000ead80000,0x00000000ead80000)
  from space 512K, 96% used [0x00000000eae00000,0x00000000eae7c030,0x00000000eae80000)
  to   space 1024K, 0% used [0x00000000eae80000,0x00000000eae80000,0x00000000eaf80000)
 ParOldGen       total 290304K, used 273476K [0x00000000c0000000, 0x00000000d1b80000, 0x00000000eab00000)
  object space 290304K, 94% used [0x00000000c0000000,0x00000000d0b111b8,0x00000000d1b80000)
 Metaspace       used 85951K, committed 87296K, reserved 1179648K
  class space    used 8809K, committed 9408K, reserved 1048576K
}
Event: 350.543 GC heap after
{Heap after GC invocations=1153 (full 17):
 PSYoungGen      total 3072K, used 160K [0x00000000eab00000, 0x00000000eaf00000, 0x0000000100000000)
  eden space 2560K, 0% used [0x00000000eab00000,0x00000000eab00000,0x00000000ead80000)
  from space 512K, 31% used [0x00000000eae80000,0x00000000eaea8000,0x00000000eaf00000)
  to   space 512K, 0% used [0x00000000eae00000,0x00000000eae00000,0x00000000eae80000)
 ParOldGen       total 290304K, used 273644K [0x00000000c0000000, 0x00000000d1b80000, 0x00000000eab00000)
  object space 290304K, 94% used [0x00000000c0000000,0x00000000d0b3b1d8,0x00000000d1b80000)
 Metaspace       used 85951K, committed 87296K, reserved 1179648K
  class space    used 8809K, committed 9408K, reserved 1048576K
}
Event: 350.547 GC heap before
{Heap before GC invocations=1154 (full 17):
 PSYoungGen      total 3072K, used 2720K [0x00000000eab00000, 0x00000000eaf00000, 0x0000000100000000)
  eden space 2560K, 100% used [0x00000000eab00000,0x00000000ead80000,0x00000000ead80000)
  from space 512K, 31% used [0x00000000eae80000,0x00000000eaea8000,0x00000000eaf00000)
  to   space 512K, 0% used [0x00000000eae00000,0x00000000eae00000,0x00000000eae80000)
 ParOldGen       total 290304K, used 273644K [0x00000000c0000000, 0x00000000d1b80000, 0x00000000eab00000)
  object space 290304K, 94% used [0x00000000c0000000,0x00000000d0b3b1d8,0x00000000d1b80000)
 Metaspace       used 85951K, committed 87296K, reserved 1179648K
  class space    used 8809K, committed 9408K, reserved 1048576K
}
Event: 350.548 GC heap after
{Heap after GC invocations=1154 (full 17):
 PSYoungGen      total 3072K, used 288K [0x00000000eab00000, 0x00000000eaf00000, 0x0000000100000000)
  eden space 2560K, 0% used [0x00000000eab00000,0x00000000eab00000,0x00000000ead80000)
  from space 512K, 56% used [0x00000000eae00000,0x00000000eae48020,0x00000000eae80000)
  to   space 512K, 0% used [0x00000000eae80000,0x00000000eae80000,0x00000000eaf00000)
 ParOldGen       total 290304K, used 273660K [0x00000000c0000000, 0x00000000d1b80000, 0x00000000eab00000)
  object space 290304K, 94% used [0x00000000c0000000,0x00000000d0b3f1d8,0x00000000d1b80000)
 Metaspace       used 85951K, committed 87296K, reserved 1179648K
  class space    used 8809K, committed 9408K, reserved 1048576K
}
Event: 351.141 GC heap before
{Heap before GC invocations=1155 (full 17):
 PSYoungGen      total 3072K, used 2848K [0x00000000eab00000, 0x00000000eaf00000, 0x0000000100000000)
  eden space 2560K, 100% used [0x00000000eab00000,0x00000000ead80000,0x00000000ead80000)
  from space 512K, 56% used [0x00000000eae00000,0x00000000eae48020,0x00000000eae80000)
  to   space 512K, 0% used [0x00000000eae80000,0x00000000eae80000,0x00000000eaf00000)
 ParOldGen       total 290304K, used 273660K [0x00000000c0000000, 0x00000000d1b80000, 0x00000000eab00000)
  object space 290304K, 94% used [0x00000000c0000000,0x00000000d0b3f1d8,0x00000000d1b80000)
 Metaspace       used 85951K, committed 87296K, reserved 1179648K
  class space    used 8809K, committed 9408K, reserved 1048576K
}
Event: 351.141 GC heap after
{Heap after GC invocations=1155 (full 17):
 PSYoungGen      total 3072K, used 464K [0x00000000eab00000, 0x00000000eaf00000, 0x0000000100000000)
  eden space 2560K, 0% used [0x00000000eab00000,0x00000000eab00000,0x00000000ead80000)
  from space 512K, 90% used [0x00000000eae80000,0x00000000eaef4030,0x00000000eaf00000)
  to   space 512K, 0% used [0x00000000eae00000,0x00000000eae00000,0x00000000eae80000)
 ParOldGen       total 290304K, used 273660K [0x00000000c0000000, 0x00000000d1b80000, 0x00000000eab00000)
  object space 290304K, 94% used [0x00000000c0000000,0x00000000d0b3f1d8,0x00000000d1b80000)
 Metaspace       used 85951K, committed 87296K, reserved 1179648K
  class space    used 8809K, committed 9408K, reserved 1048576K
}
Event: 351.145 GC heap before
{Heap before GC invocations=1156 (full 17):
 PSYoungGen      total 3072K, used 3024K [0x00000000eab00000, 0x00000000eaf00000, 0x0000000100000000)
  eden space 2560K, 100% used [0x00000000eab00000,0x00000000ead80000,0x00000000ead80000)
  from space 512K, 90% used [0x00000000eae80000,0x00000000eaef4030,0x00000000eaf00000)
  to   space 512K, 0% used [0x00000000eae00000,0x00000000eae00000,0x00000000eae80000)
 ParOldGen       total 290304K, used 273660K [0x00000000c0000000, 0x00000000d1b80000, 0x00000000eab00000)
  object space 290304K, 94% used [0x00000000c0000000,0x00000000d0b3f1d8,0x00000000d1b80000)
 Metaspace       used 85951K, committed 87296K, reserved 1179648K
  class space    used 8809K, committed 9408K, reserved 1048576K
}
Event: 351.146 GC heap after
{Heap after GC invocations=1156 (full 17):
 PSYoungGen      total 3072K, used 160K [0x00000000eab00000, 0x00000000eaf00000, 0x0000000100000000)
  eden space 2560K, 0% used [0x00000000eab00000,0x00000000eab00000,0x00000000ead80000)
  from space 512K, 31% used [0x00000000eae00000,0x00000000eae28000,0x00000000eae80000)
  to   space 512K, 0% used [0x00000000eae80000,0x00000000eae80000,0x00000000eaf00000)
 ParOldGen       total 290304K, used 274049K [0x00000000c0000000, 0x00000000d1b80000, 0x00000000eab00000)
  object space 290304K, 94% used [0x00000000c0000000,0x00000000d0ba0698,0x00000000d1b80000)
 Metaspace       used 85951K, committed 87296K, reserved 1179648K
  class space    used 8809K, committed 9408K, reserved 1048576K
}
Event: 351.509 GC heap before
{Heap before GC invocations=1157 (full 17):
 PSYoungGen      total 3072K, used 2720K [0x00000000eab00000, 0x00000000eaf00000, 0x0000000100000000)
  eden space 2560K, 100% used [0x00000000eab00000,0x00000000ead80000,0x00000000ead80000)
  from space 512K, 31% used [0x00000000eae00000,0x00000000eae28000,0x00000000eae80000)
  to   space 512K, 0% used [0x00000000eae80000,0x00000000eae80000,0x00000000eaf00000)
 ParOldGen       total 290304K, used 274049K [0x00000000c0000000, 0x00000000d1b80000, 0x00000000eab00000)
  object space 290304K, 94% used [0x00000000c0000000,0x00000000d0ba0698,0x00000000d1b80000)
 Metaspace       used 85951K, committed 87296K, reserved 1179648K
  class space    used 8809K, committed 9408K, reserved 1048576K
}
Event: 351.511 GC heap after
{Heap after GC invocations=1157 (full 17):
 PSYoungGen      total 3072K, used 384K [0x00000000eab00000, 0x00000000eaf00000, 0x0000000100000000)
  eden space 2560K, 0% used [0x00000000eab00000,0x00000000eab00000,0x00000000ead80000)
  from space 512K, 75% used [0x00000000eae80000,0x00000000eaee0000,0x00000000eaf00000)
  to   space 512K, 0% used [0x00000000eae00000,0x00000000eae00000,0x00000000eae80000)
 ParOldGen       total 290304K, used 274105K [0x00000000c0000000, 0x00000000d1b80000, 0x00000000eab00000)
  object space 290304K, 94% used [0x00000000c0000000,0x00000000d0bae698,0x00000000d1b80000)
 Metaspace       used 85951K, committed 87296K, reserved 1179648K
  class space    used 8809K, committed 9408K, reserved 1048576K
}
Event: 351.515 GC heap before
{Heap before GC invocations=1158 (full 17):
 PSYoungGen      total 3072K, used 2944K [0x00000000eab00000, 0x00000000eaf00000, 0x0000000100000000)
  eden space 2560K, 100% used [0x00000000eab00000,0x00000000ead80000,0x00000000ead80000)
  from space 512K, 75% used [0x00000000eae80000,0x00000000eaee0000,0x00000000eaf00000)
  to   space 512K, 0% used [0x00000000eae00000,0x00000000eae00000,0x00000000eae80000)
 ParOldGen       total 290304K, used 274105K [0x00000000c0000000, 0x00000000d1b80000, 0x00000000eab00000)
  object space 290304K, 94% used [0x00000000c0000000,0x00000000d0bae698,0x00000000d1b80000)
 Metaspace       used 85951K, committed 87296K, reserved 1179648K
  class space    used 8809K, committed 9408K, reserved 1048576K
}
Event: 351.516 GC heap after
{Heap after GC invocations=1158 (full 17):
 PSYoungGen      total 3072K, used 480K [0x00000000eab00000, 0x00000000eb480000, 0x0000000100000000)
  eden space 2560K, 0% used [0x00000000eab00000,0x00000000eab00000,0x00000000ead80000)
  from space 512K, 93% used [0x00000000eae00000,0x00000000eae78128,0x00000000eae80000)
  to   space 3584K, 0% used [0x00000000eb100000,0x00000000eb100000,0x00000000eb480000)
 ParOldGen       total 290304K, used 276495K [0x00000000c0000000, 0x00000000d1b80000, 0x00000000eab00000)
  object space 290304K, 95% used [0x00000000c0000000,0x00000000d0e03c40,0x00000000d1b80000)
 Metaspace       used 85951K, committed 87296K, reserved 1179648K
  class space    used 8809K, committed 9408K, reserved 1048576K
}
Event: 351.521 GC heap before
{Heap before GC invocations=1159 (full 17):
 PSYoungGen      total 3072K, used 3040K [0x00000000eab00000, 0x00000000eb480000, 0x0000000100000000)
  eden space 2560K, 99% used [0x00000000eab00000,0x00000000ead7fff8,0x00000000ead80000)
  from space 512K, 93% used [0x00000000eae00000,0x00000000eae78128,0x00000000eae80000)
  to   space 3584K, 0% used [0x00000000eb100000,0x00000000eb100000,0x00000000eb480000)
 ParOldGen       total 290304K, used 276495K [0x00000000c0000000, 0x00000000d1b80000, 0x00000000eab00000)
  object space 290304K, 95% used [0x00000000c0000000,0x00000000d0e03c40,0x00000000d1b80000)
 Metaspace       used 85951K, committed 87296K, reserved 1179648K
  class space    used 8809K, committed 9408K, reserved 1048576K
}

